0 info it worked if it ends with ok
1 verbose cli [ '/usr/local/bin/node',
1 verbose cli   '/usr/local/bin/npm',
1 verbose cli   'install',
1 verbose cli   'edit-google-spreadsheet',
1 verbose cli   '--save' ]
2 info using npm@3.10.5
3 info using node@v6.2.2
4 silly loadCurrentTree Starting
5 silly install loadCurrentTree
6 silly install readLocalPackageData
7 silly fetchPackageMetaData edit-google-spreadsheet@0.2.19
8 silly fetchNamedPackageData edit-google-spreadsheet
9 silly mapToRegistry name edit-google-spreadsheet
10 silly mapToRegistry using default registry
11 silly mapToRegistry registry http://registry.npmjs.org/
12 silly mapToRegistry data Result {
12 silly mapToRegistry   raw: 'edit-google-spreadsheet',
12 silly mapToRegistry   scope: null,
12 silly mapToRegistry   escapedName: 'edit-google-spreadsheet',
12 silly mapToRegistry   name: 'edit-google-spreadsheet',
12 silly mapToRegistry   rawSpec: '',
12 silly mapToRegistry   spec: 'latest',
12 silly mapToRegistry   type: 'tag' }
13 silly mapToRegistry uri http://registry.npmjs.org/edit-google-spreadsheet
14 verbose request uri http://registry.npmjs.org/edit-google-spreadsheet
15 verbose request no auth needed
16 info attempt registry request try #1 at 6:43:13 PM
17 verbose request id af6a2c0a8482d0a3
18 verbose etag "4QFLH5XKTCUSX5Q9UEZ34XI3D"
19 http request GET http://registry.npmjs.org/edit-google-spreadsheet
20 http 304 http://registry.npmjs.org/edit-google-spreadsheet
21 verbose headers { date: 'Wed, 03 Aug 2016 01:43:14 GMT',
21 verbose headers   via: '1.1 varnish',
21 verbose headers   'cache-control': 'max-age=300',
21 verbose headers   etag: '"4QFLH5XKTCUSX5Q9UEZ34XI3D"',
21 verbose headers   age: '0',
21 verbose headers   connection: 'keep-alive',
21 verbose headers   'x-served-by': 'cache-lax1431-LAX',
21 verbose headers   'x-cache': 'MISS',
21 verbose headers   'x-cache-hits': '0',
21 verbose headers   'x-timer': 'S1470188594.835787,VS0,VE61',
21 verbose headers   vary: 'Accept-Encoding' }
22 silly get cb [ 304,
22 silly get   { date: 'Wed, 03 Aug 2016 01:43:14 GMT',
22 silly get     via: '1.1 varnish',
22 silly get     'cache-control': 'max-age=300',
22 silly get     etag: '"4QFLH5XKTCUSX5Q9UEZ34XI3D"',
22 silly get     age: '0',
22 silly get     connection: 'keep-alive',
22 silly get     'x-served-by': 'cache-lax1431-LAX',
22 silly get     'x-cache': 'MISS',
22 silly get     'x-cache-hits': '0',
22 silly get     'x-timer': 'S1470188594.835787,VS0,VE61',
22 silly get     vary: 'Accept-Encoding' } ]
23 verbose etag http://registry.npmjs.org/edit-google-spreadsheet from cache
24 verbose get saving edit-google-spreadsheet to /home/skeetzo/.npm/registry.npmjs.org/edit-google-spreadsheet/.cache.json
25 verbose correctMkdir /home/skeetzo/.npm correctMkdir not in flight; initializing
26 silly install normalizeTree
27 silly loadCurrentTree Finishing
28 silly loadIdealTree Starting
29 silly install loadIdealTree
30 silly cloneCurrentTree Starting
31 silly install cloneCurrentTreeToIdealTree
32 silly cloneCurrentTree Finishing
33 silly loadShrinkwrap Starting
34 silly install loadShrinkwrap
35 silly loadShrinkwrap Finishing
36 silly loadAllDepsIntoIdealTree Starting
37 silly install loadAllDepsIntoIdealTree
38 silly resolveWithNewModule edit-google-spreadsheet@0.2.19 checking installable status
39 silly cache add args [ 'edit-google-spreadsheet@0.2.19', null ]
40 verbose cache add spec edit-google-spreadsheet@0.2.19
41 silly cache add parsed spec Result {
41 silly cache add   raw: 'edit-google-spreadsheet@0.2.19',
41 silly cache add   scope: null,
41 silly cache add   escapedName: 'edit-google-spreadsheet',
41 silly cache add   name: 'edit-google-spreadsheet',
41 silly cache add   rawSpec: '0.2.19',
41 silly cache add   spec: '0.2.19',
41 silly cache add   type: 'version' }
42 silly addNamed edit-google-spreadsheet@0.2.19
43 verbose addNamed "0.2.19" is a plain semver version for edit-google-spreadsheet
44 silly mapToRegistry name edit-google-spreadsheet
45 silly mapToRegistry using default registry
46 silly mapToRegistry registry http://registry.npmjs.org/
47 silly mapToRegistry data Result {
47 silly mapToRegistry   raw: 'edit-google-spreadsheet',
47 silly mapToRegistry   scope: null,
47 silly mapToRegistry   escapedName: 'edit-google-spreadsheet',
47 silly mapToRegistry   name: 'edit-google-spreadsheet',
47 silly mapToRegistry   rawSpec: '',
47 silly mapToRegistry   spec: 'latest',
47 silly mapToRegistry   type: 'tag' }
48 silly mapToRegistry uri http://registry.npmjs.org/edit-google-spreadsheet
49 verbose addNameVersion registry:http://registry.npmjs.org/edit-google-spreadsheet not in flight; fetching
50 verbose get http://registry.npmjs.org/edit-google-spreadsheet not expired, no request
51 silly cache afterAdd edit-google-spreadsheet@0.2.19
52 verbose afterAdd /home/skeetzo/.npm/edit-google-spreadsheet/0.2.19/package/package.json not in flight; writing
53 verbose correctMkdir /home/skeetzo/.npm correctMkdir not in flight; initializing
54 verbose afterAdd /home/skeetzo/.npm/edit-google-spreadsheet/0.2.19/package/package.json written
55 silly fetchNamedPackageData lodash
56 silly mapToRegistry name lodash
57 silly mapToRegistry using default registry
58 silly mapToRegistry registry http://registry.npmjs.org/
59 silly mapToRegistry data Result {
59 silly mapToRegistry   raw: 'lodash',
59 silly mapToRegistry   scope: null,
59 silly mapToRegistry   escapedName: 'lodash',
59 silly mapToRegistry   name: 'lodash',
59 silly mapToRegistry   rawSpec: '',
59 silly mapToRegistry   spec: 'latest',
59 silly mapToRegistry   type: 'tag' }
60 silly mapToRegistry uri http://registry.npmjs.org/lodash
61 silly fetchNamedPackageData xml2json
62 silly mapToRegistry name xml2json
63 silly mapToRegistry using default registry
64 silly mapToRegistry registry http://registry.npmjs.org/
65 silly mapToRegistry data Result {
65 silly mapToRegistry   raw: 'xml2json',
65 silly mapToRegistry   scope: null,
65 silly mapToRegistry   escapedName: 'xml2json',
65 silly mapToRegistry   name: 'xml2json',
65 silly mapToRegistry   rawSpec: '',
65 silly mapToRegistry   spec: 'latest',
65 silly mapToRegistry   type: 'tag' }
66 silly mapToRegistry uri http://registry.npmjs.org/xml2json
67 verbose request uri http://registry.npmjs.org/lodash
68 verbose request no auth needed
69 info attempt registry request try #1 at 6:43:14 PM
70 verbose etag "SUD9UK26BL83JS5VWZOZO5HP"
71 http request GET http://registry.npmjs.org/lodash
72 verbose request uri http://registry.npmjs.org/xml2json
73 verbose request no auth needed
74 info attempt registry request try #1 at 6:43:14 PM
75 verbose etag "EON8QGLLDZ92HX1JRTUUA2I89"
76 http request GET http://registry.npmjs.org/xml2json
77 http 304 http://registry.npmjs.org/lodash
78 verbose headers { date: 'Wed, 03 Aug 2016 01:43:15 GMT',
78 verbose headers   via: '1.1 varnish',
78 verbose headers   'cache-control': 'max-age=300',
78 verbose headers   etag: '"SUD9UK26BL83JS5VWZOZO5HP"',
78 verbose headers   age: '281',
78 verbose headers   connection: 'keep-alive',
78 verbose headers   'x-served-by': 'cache-lax1431-LAX',
78 verbose headers   'x-cache': 'HIT',
78 verbose headers   'x-cache-hits': '6',
78 verbose headers   'x-timer': 'S1470188595.126893,VS0,VE0',
78 verbose headers   vary: 'Accept-Encoding' }
79 silly get cb [ 304,
79 silly get   { date: 'Wed, 03 Aug 2016 01:43:15 GMT',
79 silly get     via: '1.1 varnish',
79 silly get     'cache-control': 'max-age=300',
79 silly get     etag: '"SUD9UK26BL83JS5VWZOZO5HP"',
79 silly get     age: '281',
79 silly get     connection: 'keep-alive',
79 silly get     'x-served-by': 'cache-lax1431-LAX',
79 silly get     'x-cache': 'HIT',
79 silly get     'x-cache-hits': '6',
79 silly get     'x-timer': 'S1470188595.126893,VS0,VE0',
79 silly get     vary: 'Accept-Encoding' } ]
80 verbose etag http://registry.npmjs.org/lodash from cache
81 verbose get saving lodash to /home/skeetzo/.npm/registry.npmjs.org/lodash/.cache.json
82 verbose correctMkdir /home/skeetzo/.npm correctMkdir not in flight; initializing
83 silly resolveWithNewModule lodash@2.4.2 checking installable status
84 silly cache add args [ 'lodash@^2.4.1', null ]
85 verbose cache add spec lodash@^2.4.1
86 silly cache add parsed spec Result {
86 silly cache add   raw: 'lodash@^2.4.1',
86 silly cache add   scope: null,
86 silly cache add   escapedName: 'lodash',
86 silly cache add   name: 'lodash',
86 silly cache add   rawSpec: '^2.4.1',
86 silly cache add   spec: '>=2.4.1 <3.0.0',
86 silly cache add   type: 'range' }
87 silly addNamed lodash@>=2.4.1 <3.0.0
88 verbose addNamed ">=2.4.1 <3.0.0" is a valid semver range for lodash
89 silly addNameRange { name: 'lodash', range: '>=2.4.1 <3.0.0', hasData: false }
90 silly mapToRegistry name lodash
91 silly mapToRegistry using default registry
92 silly mapToRegistry registry http://registry.npmjs.org/
93 silly mapToRegistry data Result {
93 silly mapToRegistry   raw: 'lodash',
93 silly mapToRegistry   scope: null,
93 silly mapToRegistry   escapedName: 'lodash',
93 silly mapToRegistry   name: 'lodash',
93 silly mapToRegistry   rawSpec: '',
93 silly mapToRegistry   spec: 'latest',
93 silly mapToRegistry   type: 'tag' }
94 silly mapToRegistry uri http://registry.npmjs.org/lodash
95 verbose addNameRange registry:http://registry.npmjs.org/lodash not in flight; fetching
96 verbose get http://registry.npmjs.org/lodash not expired, no request
97 silly addNameRange number 2 { name: 'lodash', range: '>=2.4.1 <3.0.0', hasData: true }
98 silly addNameRange versions [ 'lodash',
98 silly addNameRange   [ '0.1.0',
98 silly addNameRange     '0.2.0',
98 silly addNameRange     '0.2.1',
98 silly addNameRange     '0.2.2',
98 silly addNameRange     '0.3.0',
98 silly addNameRange     '0.3.1',
98 silly addNameRange     '0.3.2',
98 silly addNameRange     '0.4.0',
98 silly addNameRange     '0.4.1',
98 silly addNameRange     '0.4.2',
98 silly addNameRange     '0.5.0-rc.1',
98 silly addNameRange     '0.5.0',
98 silly addNameRange     '0.5.1',
98 silly addNameRange     '0.5.2',
98 silly addNameRange     '0.6.0',
98 silly addNameRange     '0.6.1',
98 silly addNameRange     '0.7.0',
98 silly addNameRange     '0.8.0',
98 silly addNameRange     '0.8.1',
98 silly addNameRange     '0.8.2',
98 silly addNameRange     '0.9.0',
98 silly addNameRange     '0.9.1',
98 silly addNameRange     '0.9.2',
98 silly addNameRange     '0.10.0',
98 silly addNameRange     '1.0.0-rc.1',
98 silly addNameRange     '1.0.0-rc.2',
98 silly addNameRange     '1.0.0-rc.3',
98 silly addNameRange     '1.0.0',
98 silly addNameRange     '1.0.1',
98 silly addNameRange     '1.1.0',
98 silly addNameRange     '1.1.1',
98 silly addNameRange     '1.2.0',
98 silly addNameRange     '1.2.1',
98 silly addNameRange     '1.3.0',
98 silly addNameRange     '1.3.1',
98 silly addNameRange     '2.0.0',
98 silly addNameRange     '2.1.0',
98 silly addNameRange     '2.2.0',
98 silly addNameRange     '2.2.1',
98 silly addNameRange     '2.3.0',
98 silly addNameRange     '2.4.0',
98 silly addNameRange     '2.4.1',
98 silly addNameRange     '3.0.0',
98 silly addNameRange     '3.0.1',
98 silly addNameRange     '3.1.0',
98 silly addNameRange     '3.2.0',
98 silly addNameRange     '3.3.0',
98 silly addNameRange     '3.3.1',
98 silly addNameRange     '3.4.0',
98 silly addNameRange     '3.5.0',
98 silly addNameRange     '3.6.0',
98 silly addNameRange     '1.0.2',
98 silly addNameRange     '3.7.0',
98 silly addNameRange     '2.4.2',
98 silly addNameRange     '3.8.0',
98 silly addNameRange     '3.9.0',
98 silly addNameRange     '3.9.1',
98 silly addNameRange     '3.9.2',
98 silly addNameRange     '3.9.3',
98 silly addNameRange     '3.10.0',
98 silly addNameRange     '3.10.1',
98 silly addNameRange     '4.0.0',
98 silly addNameRange     '4.0.1',
98 silly addNameRange     '4.1.0',
98 silly addNameRange     '4.2.0',
98 silly addNameRange     '4.2.1',
98 silly addNameRange     '4.3.0',
98 silly addNameRange     '4.4.0',
98 silly addNameRange     '4.5.0',
98 silly addNameRange     '4.5.1',
98 silly addNameRange     '4.6.0',
98 silly addNameRange     '4.6.1',
98 silly addNameRange     '4.7.0',
98 silly addNameRange     '4.8.0',
98 silly addNameRange     '4.8.1',
98 silly addNameRange     '4.8.2',
98 silly addNameRange     '4.9.0',
98 silly addNameRange     '4.10.0',
98 silly addNameRange     '4.11.0',
98 silly addNameRange     '4.11.1',
98 silly addNameRange     '4.11.2',
98 silly addNameRange     '4.12.0',
98 silly addNameRange     '4.13.0',
98 silly addNameRange     '4.13.1',
98 silly addNameRange     '4.14.0',
98 silly addNameRange     '4.14.1' ] ]
99 silly addNamed lodash@2.4.2
100 verbose addNamed "2.4.2" is a plain semver version for lodash
101 http 304 http://registry.npmjs.org/xml2json
102 verbose headers { date: 'Wed, 03 Aug 2016 01:43:15 GMT',
102 verbose headers   via: '1.1 varnish',
102 verbose headers   'cache-control': 'max-age=300',
102 verbose headers   etag: '"EON8QGLLDZ92HX1JRTUUA2I89"',
102 verbose headers   age: '129',
102 verbose headers   connection: 'keep-alive',
102 verbose headers   'x-served-by': 'cache-lax1429-LAX',
102 verbose headers   'x-cache': 'HIT',
102 verbose headers   'x-cache-hits': '1',
102 verbose headers   'x-timer': 'S1470188595.148886,VS0,VE0',
102 verbose headers   vary: 'Accept-Encoding' }
103 silly get cb [ 304,
103 silly get   { date: 'Wed, 03 Aug 2016 01:43:15 GMT',
103 silly get     via: '1.1 varnish',
103 silly get     'cache-control': 'max-age=300',
103 silly get     etag: '"EON8QGLLDZ92HX1JRTUUA2I89"',
103 silly get     age: '129',
103 silly get     connection: 'keep-alive',
103 silly get     'x-served-by': 'cache-lax1429-LAX',
103 silly get     'x-cache': 'HIT',
103 silly get     'x-cache-hits': '1',
103 silly get     'x-timer': 'S1470188595.148886,VS0,VE0',
103 silly get     vary: 'Accept-Encoding' } ]
104 verbose etag http://registry.npmjs.org/xml2json from cache
105 verbose get saving xml2json to /home/skeetzo/.npm/registry.npmjs.org/xml2json/.cache.json
106 verbose correctMkdir /home/skeetzo/.npm correctMkdir not in flight; initializing
107 silly cache afterAdd lodash@2.4.2
108 verbose afterAdd /home/skeetzo/.npm/lodash/2.4.2/package/package.json not in flight; writing
109 verbose correctMkdir /home/skeetzo/.npm correctMkdir not in flight; initializing
110 silly resolveWithNewModule xml2json@0.6.2 checking installable status
111 silly cache add args [ 'xml2json@^0.6.1', null ]
112 verbose cache add spec xml2json@^0.6.1
113 silly cache add parsed spec Result {
113 silly cache add   raw: 'xml2json@^0.6.1',
113 silly cache add   scope: null,
113 silly cache add   escapedName: 'xml2json',
113 silly cache add   name: 'xml2json',
113 silly cache add   rawSpec: '^0.6.1',
113 silly cache add   spec: '>=0.6.1 <0.7.0',
113 silly cache add   type: 'range' }
114 silly addNamed xml2json@>=0.6.1 <0.7.0
115 verbose addNamed ">=0.6.1 <0.7.0" is a valid semver range for xml2json
116 silly addNameRange { name: 'xml2json', range: '>=0.6.1 <0.7.0', hasData: false }
117 silly mapToRegistry name xml2json
118 silly mapToRegistry using default registry
119 silly mapToRegistry registry http://registry.npmjs.org/
120 silly mapToRegistry data Result {
120 silly mapToRegistry   raw: 'xml2json',
120 silly mapToRegistry   scope: null,
120 silly mapToRegistry   escapedName: 'xml2json',
120 silly mapToRegistry   name: 'xml2json',
120 silly mapToRegistry   rawSpec: '',
120 silly mapToRegistry   spec: 'latest',
120 silly mapToRegistry   type: 'tag' }
121 silly mapToRegistry uri http://registry.npmjs.org/xml2json
122 verbose addNameRange registry:http://registry.npmjs.org/xml2json not in flight; fetching
123 verbose afterAdd /home/skeetzo/.npm/lodash/2.4.2/package/package.json written
124 verbose get http://registry.npmjs.org/xml2json not expired, no request
125 silly addNameRange number 2 { name: 'xml2json', range: '>=0.6.1 <0.7.0', hasData: true }
126 silly addNameRange versions [ 'xml2json',
126 silly addNameRange   [ '0.1.0',
126 silly addNameRange     '0.1.1',
126 silly addNameRange     '0.2.0',
126 silly addNameRange     '0.2.1',
126 silly addNameRange     '0.2.2',
126 silly addNameRange     '0.2.3',
126 silly addNameRange     '0.2.4',
126 silly addNameRange     '0.3.0',
126 silly addNameRange     '0.3.1',
126 silly addNameRange     '0.3.2',
126 silly addNameRange     '0.4.0',
126 silly addNameRange     '0.5.0',
126 silly addNameRange     '0.5.1',
126 silly addNameRange     '0.6.0',
126 silly addNameRange     '0.6.1',
126 silly addNameRange     '0.6.2',
126 silly addNameRange     '0.7.0',
126 silly addNameRange     '0.7.1',
126 silly addNameRange     '0.8.0',
126 silly addNameRange     '0.8.1',
126 silly addNameRange     '0.8.2',
126 silly addNameRange     '0.9.0',
126 silly addNameRange     '0.9.1' ] ]
127 silly addNamed xml2json@0.6.2
128 verbose addNamed "0.6.2" is a plain semver version for xml2json
129 silly cache afterAdd xml2json@0.6.2
130 verbose afterAdd /home/skeetzo/.npm/xml2json/0.6.2/package/package.json not in flight; writing
131 verbose correctMkdir /home/skeetzo/.npm correctMkdir not in flight; initializing
132 verbose afterAdd /home/skeetzo/.npm/xml2json/0.6.2/package/package.json written
133 silly fetchNamedPackageData node-expat
134 silly mapToRegistry name node-expat
135 silly mapToRegistry using default registry
136 silly mapToRegistry registry http://registry.npmjs.org/
137 silly mapToRegistry data Result {
137 silly mapToRegistry   raw: 'node-expat',
137 silly mapToRegistry   scope: null,
137 silly mapToRegistry   escapedName: 'node-expat',
137 silly mapToRegistry   name: 'node-expat',
137 silly mapToRegistry   rawSpec: '',
137 silly mapToRegistry   spec: 'latest',
137 silly mapToRegistry   type: 'tag' }
138 silly mapToRegistry uri http://registry.npmjs.org/node-expat
139 verbose request uri http://registry.npmjs.org/node-expat
140 verbose request no auth needed
141 info attempt registry request try #1 at 6:43:14 PM
142 verbose etag "7B2MXJDNEB20NO12MOB2QYMO1"
143 http request GET http://registry.npmjs.org/node-expat
144 http 304 http://registry.npmjs.org/node-expat
145 verbose headers { date: 'Wed, 03 Aug 2016 01:43:15 GMT',
145 verbose headers   via: '1.1 varnish',
145 verbose headers   'cache-control': 'max-age=300',
145 verbose headers   etag: '"7B2MXJDNEB20NO12MOB2QYMO1"',
145 verbose headers   age: '124',
145 verbose headers   connection: 'keep-alive',
145 verbose headers   'x-served-by': 'cache-lax1431-LAX',
145 verbose headers   'x-cache': 'HIT',
145 verbose headers   'x-cache-hits': '1',
145 verbose headers   'x-timer': 'S1470188595.274025,VS0,VE0',
145 verbose headers   vary: 'Accept-Encoding' }
146 silly get cb [ 304,
146 silly get   { date: 'Wed, 03 Aug 2016 01:43:15 GMT',
146 silly get     via: '1.1 varnish',
146 silly get     'cache-control': 'max-age=300',
146 silly get     etag: '"7B2MXJDNEB20NO12MOB2QYMO1"',
146 silly get     age: '124',
146 silly get     connection: 'keep-alive',
146 silly get     'x-served-by': 'cache-lax1431-LAX',
146 silly get     'x-cache': 'HIT',
146 silly get     'x-cache-hits': '1',
146 silly get     'x-timer': 'S1470188595.274025,VS0,VE0',
146 silly get     vary: 'Accept-Encoding' } ]
147 verbose etag http://registry.npmjs.org/node-expat from cache
148 verbose get saving node-expat to /home/skeetzo/.npm/registry.npmjs.org/node-expat/.cache.json
149 verbose correctMkdir /home/skeetzo/.npm correctMkdir not in flight; initializing
150 silly resolveWithNewModule node-expat@2.3.15 checking installable status
151 silly cache add args [ 'node-expat@^2.3.7', null ]
152 verbose cache add spec node-expat@^2.3.7
153 silly cache add parsed spec Result {
153 silly cache add   raw: 'node-expat@^2.3.7',
153 silly cache add   scope: null,
153 silly cache add   escapedName: 'node-expat',
153 silly cache add   name: 'node-expat',
153 silly cache add   rawSpec: '^2.3.7',
153 silly cache add   spec: '>=2.3.7 <3.0.0',
153 silly cache add   type: 'range' }
154 silly addNamed node-expat@>=2.3.7 <3.0.0
155 verbose addNamed ">=2.3.7 <3.0.0" is a valid semver range for node-expat
156 silly addNameRange { name: 'node-expat', range: '>=2.3.7 <3.0.0', hasData: false }
157 silly mapToRegistry name node-expat
158 silly mapToRegistry using default registry
159 silly mapToRegistry registry http://registry.npmjs.org/
160 silly mapToRegistry data Result {
160 silly mapToRegistry   raw: 'node-expat',
160 silly mapToRegistry   scope: null,
160 silly mapToRegistry   escapedName: 'node-expat',
160 silly mapToRegistry   name: 'node-expat',
160 silly mapToRegistry   rawSpec: '',
160 silly mapToRegistry   spec: 'latest',
160 silly mapToRegistry   type: 'tag' }
161 silly mapToRegistry uri http://registry.npmjs.org/node-expat
162 verbose addNameRange registry:http://registry.npmjs.org/node-expat not in flight; fetching
163 verbose get http://registry.npmjs.org/node-expat not expired, no request
164 silly addNameRange number 2 { name: 'node-expat', range: '>=2.3.7 <3.0.0', hasData: true }
165 silly addNameRange versions [ 'node-expat',
165 silly addNameRange   [ '0.0.4',
165 silly addNameRange     '0.0.5',
165 silly addNameRange     '0.0.6',
165 silly addNameRange     '1.0.0',
165 silly addNameRange     '1.0.1',
165 silly addNameRange     '1.1.0',
165 silly addNameRange     '1.1.1',
165 silly addNameRange     '1.2.0',
165 silly addNameRange     '1.3.0',
165 silly addNameRange     '1.3.1',
165 silly addNameRange     '1.3.2',
165 silly addNameRange     '1.4.0',
165 silly addNameRange     '1.4.1',
165 silly addNameRange     '1.4.2',
165 silly addNameRange     '1.4.3',
165 silly addNameRange     '1.4.4',
165 silly addNameRange     '1.4.5',
165 silly addNameRange     '1.5.0',
165 silly addNameRange     '1.6.0',
165 silly addNameRange     '1.6.1',
165 silly addNameRange     '2.0.0',
165 silly addNameRange     '2.1.0',
165 silly addNameRange     '2.1.1',
165 silly addNameRange     '2.1.2',
165 silly addNameRange     '2.1.3',
165 silly addNameRange     '2.1.4',
165 silly addNameRange     '2.2.0',
165 silly addNameRange     '2.3.0',
165 silly addNameRange     '2.3.1',
165 silly addNameRange     '2.3.2',
165 silly addNameRange     '2.3.3',
165 silly addNameRange     '2.3.4',
165 silly addNameRange     '2.3.5',
165 silly addNameRange     '2.3.6',
165 silly addNameRange     '2.3.7',
165 silly addNameRange     '2.3.8',
165 silly addNameRange     '2.3.9',
165 silly addNameRange     '2.3.10',
165 silly addNameRange     '2.3.11',
165 silly addNameRange     '2.3.12',
165 silly addNameRange     '2.3.13',
165 silly addNameRange     '2.3.14',
165 silly addNameRange     '2.3.15' ] ]
166 silly addNamed node-expat@2.3.15
167 verbose addNamed "2.3.15" is a plain semver version for node-expat
168 silly cache afterAdd node-expat@2.3.15
169 verbose afterAdd /home/skeetzo/.npm/node-expat/2.3.15/package/package.json not in flight; writing
170 verbose correctMkdir /home/skeetzo/.npm correctMkdir not in flight; initializing
171 verbose afterAdd /home/skeetzo/.npm/node-expat/2.3.15/package/package.json written
172 silly fetchNamedPackageData bindings
173 silly mapToRegistry name bindings
174 silly mapToRegistry using default registry
175 silly mapToRegistry registry http://registry.npmjs.org/
176 silly mapToRegistry data Result {
176 silly mapToRegistry   raw: 'bindings',
176 silly mapToRegistry   scope: null,
176 silly mapToRegistry   escapedName: 'bindings',
176 silly mapToRegistry   name: 'bindings',
176 silly mapToRegistry   rawSpec: '',
176 silly mapToRegistry   spec: 'latest',
176 silly mapToRegistry   type: 'tag' }
177 silly mapToRegistry uri http://registry.npmjs.org/bindings
178 verbose request uri http://registry.npmjs.org/bindings
179 verbose request no auth needed
180 info attempt registry request try #1 at 6:43:14 PM
181 verbose etag "33TX4J3DNTGF7K41ZUV6OA182"
182 http request GET http://registry.npmjs.org/bindings
183 http 304 http://registry.npmjs.org/bindings
184 verbose headers { date: 'Wed, 03 Aug 2016 01:43:15 GMT',
184 verbose headers   via: '1.1 varnish',
184 verbose headers   'cache-control': 'max-age=300',
184 verbose headers   etag: '"33TX4J3DNTGF7K41ZUV6OA182"',
184 verbose headers   age: '278',
184 verbose headers   connection: 'keep-alive',
184 verbose headers   'x-served-by': 'cache-lax1429-LAX',
184 verbose headers   'x-cache': 'HIT',
184 verbose headers   'x-cache-hits': '1',
184 verbose headers   'x-timer': 'S1470188595.420821,VS0,VE0',
184 verbose headers   vary: 'Accept-Encoding' }
185 silly get cb [ 304,
185 silly get   { date: 'Wed, 03 Aug 2016 01:43:15 GMT',
185 silly get     via: '1.1 varnish',
185 silly get     'cache-control': 'max-age=300',
185 silly get     etag: '"33TX4J3DNTGF7K41ZUV6OA182"',
185 silly get     age: '278',
185 silly get     connection: 'keep-alive',
185 silly get     'x-served-by': 'cache-lax1429-LAX',
185 silly get     'x-cache': 'HIT',
185 silly get     'x-cache-hits': '1',
185 silly get     'x-timer': 'S1470188595.420821,VS0,VE0',
185 silly get     vary: 'Accept-Encoding' } ]
186 verbose etag http://registry.npmjs.org/bindings from cache
187 verbose get saving bindings to /home/skeetzo/.npm/registry.npmjs.org/bindings/.cache.json
188 verbose correctMkdir /home/skeetzo/.npm correctMkdir not in flight; initializing
189 silly resolveWithNewModule bindings@1.2.1 checking installable status
190 silly cache add args [ 'bindings@^1.2.1', null ]
191 verbose cache add spec bindings@^1.2.1
192 silly cache add parsed spec Result {
192 silly cache add   raw: 'bindings@^1.2.1',
192 silly cache add   scope: null,
192 silly cache add   escapedName: 'bindings',
192 silly cache add   name: 'bindings',
192 silly cache add   rawSpec: '^1.2.1',
192 silly cache add   spec: '>=1.2.1 <2.0.0',
192 silly cache add   type: 'range' }
193 silly addNamed bindings@>=1.2.1 <2.0.0
194 verbose addNamed ">=1.2.1 <2.0.0" is a valid semver range for bindings
195 silly addNameRange { name: 'bindings', range: '>=1.2.1 <2.0.0', hasData: false }
196 silly mapToRegistry name bindings
197 silly mapToRegistry using default registry
198 silly mapToRegistry registry http://registry.npmjs.org/
199 silly mapToRegistry data Result {
199 silly mapToRegistry   raw: 'bindings',
199 silly mapToRegistry   scope: null,
199 silly mapToRegistry   escapedName: 'bindings',
199 silly mapToRegistry   name: 'bindings',
199 silly mapToRegistry   rawSpec: '',
199 silly mapToRegistry   spec: 'latest',
199 silly mapToRegistry   type: 'tag' }
200 silly mapToRegistry uri http://registry.npmjs.org/bindings
201 verbose addNameRange registry:http://registry.npmjs.org/bindings not in flight; fetching
202 verbose get http://registry.npmjs.org/bindings not expired, no request
203 silly addNameRange number 2 { name: 'bindings', range: '>=1.2.1 <2.0.0', hasData: true }
204 silly addNameRange versions [ 'bindings',
204 silly addNameRange   [ '0.0.1',
204 silly addNameRange     '0.1.0',
204 silly addNameRange     '0.1.1',
204 silly addNameRange     '0.2.0',
204 silly addNameRange     '0.2.1',
204 silly addNameRange     '0.2.2',
204 silly addNameRange     '0.2.3',
204 silly addNameRange     '0.2.4',
204 silly addNameRange     '0.3.0',
204 silly addNameRange     '0.4.0',
204 silly addNameRange     '1.0.0',
204 silly addNameRange     '1.1.0',
204 silly addNameRange     '1.1.1',
204 silly addNameRange     '1.2.0',
204 silly addNameRange     '1.2.1' ] ]
205 silly addNamed bindings@1.2.1
206 verbose addNamed "1.2.1" is a plain semver version for bindings
207 silly cache afterAdd bindings@1.2.1
208 verbose afterAdd /home/skeetzo/.npm/bindings/1.2.1/package/package.json not in flight; writing
209 verbose correctMkdir /home/skeetzo/.npm correctMkdir not in flight; initializing
210 verbose afterAdd /home/skeetzo/.npm/bindings/1.2.1/package/package.json written
211 silly loadAllDepsIntoIdealTree Finishing
212 silly loadIdealTree Finishing
213 silly currentTree naivi@0.0.6
213 silly currentTree +-- ansi-regex@2.0.0
213 silly currentTree +-- ansi-styles@2.2.1
213 silly currentTree +-- asn1@0.2.3
213 silly currentTree +-- assert-plus@0.2.0
213 silly currentTree +-- async@0.9.2
213 silly currentTree +-- aws-sdk@2.2.48
213 silly currentTree +-- aws-sign2@0.6.0
213 silly currentTree +-- aws4@1.4.1
213 silly currentTree +-- base64-url@1.3.2
213 silly currentTree +-- base64url@1.0.6
213 silly currentTree +-- bl@1.1.2
213 silly currentTree | +-- isarray@1.0.0
213 silly currentTree | `-- readable-stream@2.0.6
213 silly currentTree +-- bluebird@2.10.2
213 silly currentTree +-- boom@2.10.1
213 silly currentTree +-- buffer-equal-constant-time@1.0.1
213 silly currentTree +-- camelcase-keys@1.0.0
213 silly currentTree +-- camelcase@1.2.1
213 silly currentTree +-- caseless@0.11.0
213 silly currentTree +-- chalk@1.1.3
213 silly currentTree +-- colors@1.1.2
213 silly currentTree +-- combined-stream@1.0.5
213 silly currentTree +-- commander@2.9.0
213 silly currentTree +-- concat-stream@1.4.10
213 silly currentTree +-- cool-ascii-faces@1.3.4
213 silly currentTree +-- core-util-is@1.0.2
213 silly currentTree +-- cron@1.0.9
213 silly currentTree +-- cryptiles@2.0.5
213 silly currentTree +-- ctype@0.5.3
213 silly currentTree +-- dashdash@1.14.0
213 silly currentTree | `-- assert-plus@1.0.0
213 silly currentTree +-- debug@2.2.0
213 silly currentTree +-- delayed-stream@1.0.0
213 silly currentTree +-- director@1.2.8
213 silly currentTree +-- ecc-jsbn@0.1.1
213 silly currentTree +-- ecdsa-sig-formatter@1.0.7
213 silly currentTree +-- escape-string-regexp@1.0.5
213 silly currentTree +-- extend@3.0.0
213 silly currentTree +-- extsprintf@1.0.2
213 silly currentTree +-- forever-agent@0.6.1
213 silly currentTree +-- form-data@1.0.0-rc4
213 silly currentTree | `-- async@1.5.2
213 silly currentTree +-- gapitoken@0.1.5
213 silly currentTree +-- generate-function@2.0.0
213 silly currentTree +-- generate-object-property@1.2.0
213 silly currentTree +-- get-stdin@4.0.1
213 silly currentTree +-- getpass@0.1.6
213 silly currentTree | `-- assert-plus@1.0.0
213 silly currentTree +-- google-auth-library@0.9.8
213 silly currentTree | +-- asn1@0.1.11
213 silly currentTree | +-- assert-plus@0.1.5
213 silly currentTree | +-- async@1.4.2
213 silly currentTree | +-- aws-sign2@0.5.0
213 silly currentTree | +-- bl@1.0.3
213 silly currentTree | +-- har-validator@1.8.0
213 silly currentTree | +-- http-signature@0.11.0
213 silly currentTree | +-- isarray@1.0.0
213 silly currentTree | +-- qs@4.0.0
213 silly currentTree | +-- readable-stream@2.0.6
213 silly currentTree | `-- request@2.60.0
213 silly currentTree +-- google-oauth-jwt@0.1.7
213 silly currentTree +-- google-p12-pem@0.1.0
213 silly currentTree +-- googleapis@2.0.4
213 silly currentTree | +-- asn1@0.1.11
213 silly currentTree | +-- assert-plus@0.1.5
213 silly currentTree | +-- aws-sign2@0.5.0
213 silly currentTree | +-- bl@0.9.5
213 silly currentTree | +-- caseless@0.9.0
213 silly currentTree | +-- combined-stream@0.0.7
213 silly currentTree | +-- delayed-stream@0.0.5
213 silly currentTree | +-- form-data@0.2.0
213 silly currentTree | +-- har-validator@1.8.0
213 silly currentTree | +-- hawk@2.3.1
213 silly currentTree | +-- http-signature@0.10.1
213 silly currentTree | +-- mime-db@1.12.0
213 silly currentTree | +-- mime-types@2.0.14
213 silly currentTree | +-- oauth-sign@0.6.0
213 silly currentTree | +-- qs@2.4.2
213 silly currentTree | +-- readable-stream@1.0.34
213 silly currentTree | `-- request@2.54.0
213 silly currentTree +-- googleclientlogin@0.2.8
213 silly currentTree +-- graceful-readlink@1.0.1
213 silly currentTree +-- groupme@0.5.6
213 silly currentTree | `-- request@2.12.0
213 silly currentTree |   +-- form-data@0.0.3
213 silly currentTree |   | +-- async@0.1.9
213 silly currentTree |   | `-- combined-stream@0.0.3
213 silly currentTree |   |   `-- delayed-stream@0.0.5
213 silly currentTree |   `-- mime@1.2.7
213 silly currentTree +-- gtoken@1.2.1
213 silly currentTree +-- har-validator@2.0.6
213 silly currentTree +-- has-ansi@2.0.0
213 silly currentTree +-- hawk@3.1.3
213 silly currentTree +-- hoek@2.16.3
213 silly currentTree +-- http-signature@1.1.1
213 silly currentTree +-- indent-string@1.2.2
213 silly currentTree +-- inherits@2.0.1
213 silly currentTree +-- is-finite@1.0.1
213 silly currentTree +-- is-my-json-valid@2.13.1
213 silly currentTree +-- is-property@1.0.2
213 silly currentTree +-- is-typedarray@1.0.0
213 silly currentTree +-- isarray@0.0.1
213 silly currentTree +-- isstream@0.1.2
213 silly currentTree +-- jodid25519@1.0.2
213 silly currentTree +-- jsbn@0.1.0
213 silly currentTree +-- json-schema@0.2.2
213 silly currentTree +-- json-stringify-safe@5.0.1
213 silly currentTree +-- jsonpointer@2.0.0
213 silly currentTree +-- jsprim@1.3.0
213 silly currentTree +-- jwa@1.0.2
213 silly currentTree | `-- base64url@0.0.6
213 silly currentTree +-- jws@3.0.0
213 silly currentTree +-- lodash.noop@3.0.1
213 silly currentTree +-- lodash@3.5.0
213 silly currentTree +-- map-obj@1.0.1
213 silly currentTree +-- meow@2.0.0
213 silly currentTree +-- mime-db@1.23.0
213 silly currentTree +-- mime-types@2.1.11
213 silly currentTree +-- mime@1.3.4
213 silly currentTree +-- minimist@1.2.0
213 silly currentTree +-- moment-timezone@0.3.1
213 silly currentTree +-- moment@2.10.6
213 silly currentTree +-- ms@0.7.1
213 silly currentTree +-- nan@2.4.0
213 silly currentTree +-- node-forge@0.6.41
213 silly currentTree +-- node-uuid@1.4.7
213 silly currentTree +-- number-is-nan@1.0.0
213 silly currentTree +-- oauth-sign@0.8.2
213 silly currentTree +-- object-assign@1.0.0
213 silly currentTree +-- pinkie-promise@2.0.1
213 silly currentTree +-- pinkie@2.0.4
213 silly currentTree +-- process-nextick-args@1.0.7
213 silly currentTree +-- q@0.9.7
213 silly currentTree +-- qs@6.2.1
213 silly currentTree +-- readable-stream@1.1.14
213 silly currentTree +-- repeating@1.1.3
213 silly currentTree +-- request@2.74.0
213 silly currentTree +-- sax@1.1.5
213 silly currentTree +-- sntp@1.0.9
213 silly currentTree +-- sshpk@1.9.2
213 silly currentTree | `-- assert-plus@1.0.0
213 silly currentTree +-- stream-spigot@3.0.5
213 silly currentTree +-- string_decoder@0.10.31
213 silly currentTree +-- string-template@0.2.1
213 silly currentTree +-- stringstream@0.0.5
213 silly currentTree +-- strip-ansi@3.0.1
213 silly currentTree +-- supports-color@2.0.0
213 silly currentTree +-- tough-cookie@2.3.1
213 silly currentTree +-- tunnel-agent@0.4.3
213 silly currentTree +-- tweetnacl@0.13.3
213 silly currentTree +-- typedarray-to-buffer@3.1.2
213 silly currentTree +-- typedarray@0.0.6
213 silly currentTree +-- underscore@1.8.3
213 silly currentTree +-- util-deprecate@1.0.2
213 silly currentTree +-- verror@1.3.6
213 silly currentTree +-- websocket@1.0.23
213 silly currentTree +-- xml2js@0.4.15
213 silly currentTree +-- xmlbuilder@2.6.2
213 silly currentTree +-- xtend@4.0.1
213 silly currentTree `-- yaeti@0.0.4
214 silly idealTree naivi@0.0.6
214 silly idealTree +-- ansi-regex@2.0.0
214 silly idealTree +-- ansi-styles@2.2.1
214 silly idealTree +-- asn1@0.2.3
214 silly idealTree +-- assert-plus@0.2.0
214 silly idealTree +-- async@0.9.2
214 silly idealTree +-- aws-sdk@2.2.48
214 silly idealTree +-- aws-sign2@0.6.0
214 silly idealTree +-- aws4@1.4.1
214 silly idealTree +-- base64-url@1.3.2
214 silly idealTree +-- base64url@1.0.6
214 silly idealTree +-- bindings@1.2.1
214 silly idealTree +-- bl@1.1.2
214 silly idealTree | +-- isarray@1.0.0
214 silly idealTree | `-- readable-stream@2.0.6
214 silly idealTree +-- bluebird@2.10.2
214 silly idealTree +-- boom@2.10.1
214 silly idealTree +-- buffer-equal-constant-time@1.0.1
214 silly idealTree +-- camelcase-keys@1.0.0
214 silly idealTree +-- camelcase@1.2.1
214 silly idealTree +-- caseless@0.11.0
214 silly idealTree +-- chalk@1.1.3
214 silly idealTree +-- colors@1.1.2
214 silly idealTree +-- combined-stream@1.0.5
214 silly idealTree +-- commander@2.9.0
214 silly idealTree +-- concat-stream@1.4.10
214 silly idealTree +-- cool-ascii-faces@1.3.4
214 silly idealTree +-- core-util-is@1.0.2
214 silly idealTree +-- cron@1.0.9
214 silly idealTree +-- cryptiles@2.0.5
214 silly idealTree +-- ctype@0.5.3
214 silly idealTree +-- dashdash@1.14.0
214 silly idealTree | `-- assert-plus@1.0.0
214 silly idealTree +-- debug@2.2.0
214 silly idealTree +-- delayed-stream@1.0.0
214 silly idealTree +-- director@1.2.8
214 silly idealTree +-- ecc-jsbn@0.1.1
214 silly idealTree +-- ecdsa-sig-formatter@1.0.7
214 silly idealTree +-- edit-google-spreadsheet@0.2.19
214 silly idealTree | `-- lodash@2.4.2
214 silly idealTree +-- escape-string-regexp@1.0.5
214 silly idealTree +-- extend@3.0.0
214 silly idealTree +-- extsprintf@1.0.2
214 silly idealTree +-- forever-agent@0.6.1
214 silly idealTree +-- form-data@1.0.0-rc4
214 silly idealTree | `-- async@1.5.2
214 silly idealTree +-- gapitoken@0.1.5
214 silly idealTree +-- generate-function@2.0.0
214 silly idealTree +-- generate-object-property@1.2.0
214 silly idealTree +-- get-stdin@4.0.1
214 silly idealTree +-- getpass@0.1.6
214 silly idealTree | `-- assert-plus@1.0.0
214 silly idealTree +-- google-auth-library@0.9.8
214 silly idealTree | +-- asn1@0.1.11
214 silly idealTree | +-- assert-plus@0.1.5
214 silly idealTree | +-- async@1.4.2
214 silly idealTree | +-- aws-sign2@0.5.0
214 silly idealTree | +-- bl@1.0.3
214 silly idealTree | +-- har-validator@1.8.0
214 silly idealTree | +-- http-signature@0.11.0
214 silly idealTree | +-- isarray@1.0.0
214 silly idealTree | +-- qs@4.0.0
214 silly idealTree | +-- readable-stream@2.0.6
214 silly idealTree | `-- request@2.60.0
214 silly idealTree +-- google-oauth-jwt@0.1.7
214 silly idealTree +-- google-p12-pem@0.1.0
214 silly idealTree +-- googleapis@2.0.4
214 silly idealTree | +-- asn1@0.1.11
214 silly idealTree | +-- assert-plus@0.1.5
214 silly idealTree | +-- aws-sign2@0.5.0
214 silly idealTree | +-- bl@0.9.5
214 silly idealTree | +-- caseless@0.9.0
214 silly idealTree | +-- combined-stream@0.0.7
214 silly idealTree | +-- delayed-stream@0.0.5
214 silly idealTree | +-- form-data@0.2.0
214 silly idealTree | +-- har-validator@1.8.0
214 silly idealTree | +-- hawk@2.3.1
214 silly idealTree | +-- http-signature@0.10.1
214 silly idealTree | +-- mime-db@1.12.0
214 silly idealTree | +-- mime-types@2.0.14
214 silly idealTree | +-- oauth-sign@0.6.0
214 silly idealTree | +-- qs@2.4.2
214 silly idealTree | +-- readable-stream@1.0.34
214 silly idealTree | `-- request@2.54.0
214 silly idealTree +-- googleclientlogin@0.2.8
214 silly idealTree +-- graceful-readlink@1.0.1
214 silly idealTree +-- groupme@0.5.6
214 silly idealTree | `-- request@2.12.0
214 silly idealTree |   +-- form-data@0.0.3
214 silly idealTree |   | +-- async@0.1.9
214 silly idealTree |   | `-- combined-stream@0.0.3
214 silly idealTree |   |   `-- delayed-stream@0.0.5
214 silly idealTree |   `-- mime@1.2.7
214 silly idealTree +-- gtoken@1.2.1
214 silly idealTree +-- har-validator@2.0.6
214 silly idealTree +-- has-ansi@2.0.0
214 silly idealTree +-- hawk@3.1.3
214 silly idealTree +-- hoek@2.16.3
214 silly idealTree +-- http-signature@1.1.1
214 silly idealTree +-- indent-string@1.2.2
214 silly idealTree +-- inherits@2.0.1
214 silly idealTree +-- is-finite@1.0.1
214 silly idealTree +-- is-my-json-valid@2.13.1
214 silly idealTree +-- is-property@1.0.2
214 silly idealTree +-- is-typedarray@1.0.0
214 silly idealTree +-- isarray@0.0.1
214 silly idealTree +-- isstream@0.1.2
214 silly idealTree +-- jodid25519@1.0.2
214 silly idealTree +-- jsbn@0.1.0
214 silly idealTree +-- json-schema@0.2.2
214 silly idealTree +-- json-stringify-safe@5.0.1
214 silly idealTree +-- jsonpointer@2.0.0
214 silly idealTree +-- jsprim@1.3.0
214 silly idealTree +-- jwa@1.0.2
214 silly idealTree | `-- base64url@0.0.6
214 silly idealTree +-- jws@3.0.0
214 silly idealTree +-- lodash.noop@3.0.1
214 silly idealTree +-- lodash@3.5.0
214 silly idealTree +-- map-obj@1.0.1
214 silly idealTree +-- meow@2.0.0
214 silly idealTree +-- mime-db@1.23.0
214 silly idealTree +-- mime-types@2.1.11
214 silly idealTree +-- mime@1.3.4
214 silly idealTree +-- minimist@1.2.0
214 silly idealTree +-- moment-timezone@0.3.1
214 silly idealTree +-- moment@2.10.6
214 silly idealTree +-- ms@0.7.1
214 silly idealTree +-- nan@2.4.0
214 silly idealTree +-- node-expat@2.3.15
214 silly idealTree +-- node-forge@0.6.41
214 silly idealTree +-- node-uuid@1.4.7
214 silly idealTree +-- number-is-nan@1.0.0
214 silly idealTree +-- oauth-sign@0.8.2
214 silly idealTree +-- object-assign@1.0.0
214 silly idealTree +-- pinkie-promise@2.0.1
214 silly idealTree +-- pinkie@2.0.4
214 silly idealTree +-- process-nextick-args@1.0.7
214 silly idealTree +-- q@0.9.7
214 silly idealTree +-- qs@6.2.1
214 silly idealTree +-- readable-stream@1.1.14
214 silly idealTree +-- repeating@1.1.3
214 silly idealTree +-- request@2.74.0
214 silly idealTree +-- sax@1.1.5
214 silly idealTree +-- sntp@1.0.9
214 silly idealTree +-- sshpk@1.9.2
214 silly idealTree | `-- assert-plus@1.0.0
214 silly idealTree +-- stream-spigot@3.0.5
214 silly idealTree +-- string_decoder@0.10.31
214 silly idealTree +-- string-template@0.2.1
214 silly idealTree +-- stringstream@0.0.5
214 silly idealTree +-- strip-ansi@3.0.1
214 silly idealTree +-- supports-color@2.0.0
214 silly idealTree +-- tough-cookie@2.3.1
214 silly idealTree +-- tunnel-agent@0.4.3
214 silly idealTree +-- tweetnacl@0.13.3
214 silly idealTree +-- typedarray-to-buffer@3.1.2
214 silly idealTree +-- typedarray@0.0.6
214 silly idealTree +-- underscore@1.8.3
214 silly idealTree +-- util-deprecate@1.0.2
214 silly idealTree +-- verror@1.3.6
214 silly idealTree +-- websocket@1.0.23
214 silly idealTree +-- xml2js@0.4.15
214 silly idealTree +-- xml2json@0.6.2
214 silly idealTree +-- xmlbuilder@2.6.2
214 silly idealTree +-- xtend@4.0.1
214 silly idealTree `-- yaeti@0.0.4
215 silly generateActionsToTake Starting
216 silly install generateActionsToTake
217 silly generateActionsToTake Finishing
218 silly diffTrees action count 5
219 silly diffTrees add bindings@1.2.1
220 silly diffTrees add node-expat@2.3.15
221 silly diffTrees add lodash@2.4.2
222 silly diffTrees add xml2json@0.6.2
223 silly diffTrees add edit-google-spreadsheet@0.2.19
224 silly decomposeActions action count 40
225 silly decomposeActions fetch bindings@1.2.1
226 silly decomposeActions extract bindings@1.2.1
227 silly decomposeActions test bindings@1.2.1
228 silly decomposeActions preinstall bindings@1.2.1
229 silly decomposeActions build bindings@1.2.1
230 silly decomposeActions install bindings@1.2.1
231 silly decomposeActions postinstall bindings@1.2.1
232 silly decomposeActions finalize bindings@1.2.1
233 silly decomposeActions fetch node-expat@2.3.15
234 silly decomposeActions extract node-expat@2.3.15
235 silly decomposeActions test node-expat@2.3.15
236 silly decomposeActions preinstall node-expat@2.3.15
237 silly decomposeActions build node-expat@2.3.15
238 silly decomposeActions install node-expat@2.3.15
239 silly decomposeActions postinstall node-expat@2.3.15
240 silly decomposeActions finalize node-expat@2.3.15
241 silly decomposeActions fetch lodash@2.4.2
242 silly decomposeActions extract lodash@2.4.2
243 silly decomposeActions test lodash@2.4.2
244 silly decomposeActions preinstall lodash@2.4.2
245 silly decomposeActions build lodash@2.4.2
246 silly decomposeActions install lodash@2.4.2
247 silly decomposeActions postinstall lodash@2.4.2
248 silly decomposeActions finalize lodash@2.4.2
249 silly decomposeActions fetch xml2json@0.6.2
250 silly decomposeActions extract xml2json@0.6.2
251 silly decomposeActions test xml2json@0.6.2
252 silly decomposeActions preinstall xml2json@0.6.2
253 silly decomposeActions build xml2json@0.6.2
254 silly decomposeActions install xml2json@0.6.2
255 silly decomposeActions postinstall xml2json@0.6.2
256 silly decomposeActions finalize xml2json@0.6.2
257 silly decomposeActions fetch edit-google-spreadsheet@0.2.19
258 silly decomposeActions extract edit-google-spreadsheet@0.2.19
259 silly decomposeActions test edit-google-spreadsheet@0.2.19
260 silly decomposeActions preinstall edit-google-spreadsheet@0.2.19
261 silly decomposeActions build edit-google-spreadsheet@0.2.19
262 silly decomposeActions install edit-google-spreadsheet@0.2.19
263 silly decomposeActions postinstall edit-google-spreadsheet@0.2.19
264 silly decomposeActions finalize edit-google-spreadsheet@0.2.19
265 silly executeActions Starting
266 silly install executeActions
267 silly doSerial global-install 0
268 silly doParallel fetch 5
269 verbose correctMkdir /home/skeetzo/.npm/_locks correctMkdir not in flight; initializing
270 verbose lock using /home/skeetzo/.npm/_locks/staging-bcf433059f104fc4.lock for /home/skeetzo/Downloads/code/frybot/node_modules/.staging
271 silly doParallel extract 5
272 silly extract bindings@1.2.1
273 silly extract node-expat@2.3.15
274 silly extract lodash@2.4.2
275 silly extract xml2json@0.6.2
276 silly extract edit-google-spreadsheet@0.2.19
277 verbose unbuild node_modules/.staging/lodash-25b1d24c
278 verbose unbuild node_modules/.staging/bindings-6c36c70f
279 verbose unbuild node_modules/.staging/edit-google-spreadsheet-5155e5d8
280 verbose unbuild node_modules/.staging/node-expat-42dff12a
281 verbose unbuild node_modules/.staging/xml2json-bc00664b
282 silly gentlyRm /home/skeetzo/Downloads/code/frybot/node_modules/.staging/lodash-25b1d24c is being purged from base /home/skeetzo/Downloads/code/frybot
283 verbose gentlyRm don't care about contents; nuking /home/skeetzo/Downloads/code/frybot/node_modules/.staging/lodash-25b1d24c
284 silly gentlyRm /home/skeetzo/Downloads/code/frybot/node_modules/.staging/bindings-6c36c70f is being purged from base /home/skeetzo/Downloads/code/frybot
285 verbose gentlyRm don't care about contents; nuking /home/skeetzo/Downloads/code/frybot/node_modules/.staging/bindings-6c36c70f
286 silly gentlyRm /home/skeetzo/Downloads/code/frybot/node_modules/.staging/edit-google-spreadsheet-5155e5d8 is being purged from base /home/skeetzo/Downloads/code/frybot
287 verbose gentlyRm don't care about contents; nuking /home/skeetzo/Downloads/code/frybot/node_modules/.staging/edit-google-spreadsheet-5155e5d8
288 silly gentlyRm /home/skeetzo/Downloads/code/frybot/node_modules/.staging/node-expat-42dff12a is being purged from base /home/skeetzo/Downloads/code/frybot
289 verbose gentlyRm don't care about contents; nuking /home/skeetzo/Downloads/code/frybot/node_modules/.staging/node-expat-42dff12a
290 verbose tar unpack /home/skeetzo/.npm/lodash/2.4.2/package.tgz
291 verbose tar unpacking to /home/skeetzo/Downloads/code/frybot/node_modules/.staging/lodash-25b1d24c
292 silly gentlyRm /home/skeetzo/Downloads/code/frybot/node_modules/.staging/lodash-25b1d24c is being purged
293 verbose gentlyRm don't care about contents; nuking /home/skeetzo/Downloads/code/frybot/node_modules/.staging/lodash-25b1d24c
294 silly gentlyRm /home/skeetzo/Downloads/code/frybot/node_modules/.staging/xml2json-bc00664b is being purged from base /home/skeetzo/Downloads/code/frybot
295 verbose gentlyRm don't care about contents; nuking /home/skeetzo/Downloads/code/frybot/node_modules/.staging/xml2json-bc00664b
296 verbose tar unpack /home/skeetzo/.npm/bindings/1.2.1/package.tgz
297 verbose tar unpacking to /home/skeetzo/Downloads/code/frybot/node_modules/.staging/bindings-6c36c70f
298 silly gentlyRm /home/skeetzo/Downloads/code/frybot/node_modules/.staging/bindings-6c36c70f is being purged
299 verbose gentlyRm don't care about contents; nuking /home/skeetzo/Downloads/code/frybot/node_modules/.staging/bindings-6c36c70f
300 verbose tar unpack /home/skeetzo/.npm/edit-google-spreadsheet/0.2.19/package.tgz
301 verbose tar unpacking to /home/skeetzo/Downloads/code/frybot/node_modules/.staging/edit-google-spreadsheet-5155e5d8
302 silly gentlyRm /home/skeetzo/Downloads/code/frybot/node_modules/.staging/edit-google-spreadsheet-5155e5d8 is being purged
303 verbose gentlyRm don't care about contents; nuking /home/skeetzo/Downloads/code/frybot/node_modules/.staging/edit-google-spreadsheet-5155e5d8
304 verbose tar unpack /home/skeetzo/.npm/node-expat/2.3.15/package.tgz
305 verbose tar unpacking to /home/skeetzo/Downloads/code/frybot/node_modules/.staging/node-expat-42dff12a
306 silly gentlyRm /home/skeetzo/Downloads/code/frybot/node_modules/.staging/node-expat-42dff12a is being purged
307 verbose gentlyRm don't care about contents; nuking /home/skeetzo/Downloads/code/frybot/node_modules/.staging/node-expat-42dff12a
308 silly gunzTarPerm modes [ '775', '664' ]
309 verbose tar unpack /home/skeetzo/.npm/xml2json/0.6.2/package.tgz
310 verbose tar unpacking to /home/skeetzo/Downloads/code/frybot/node_modules/.staging/xml2json-bc00664b
311 silly gentlyRm /home/skeetzo/Downloads/code/frybot/node_modules/.staging/xml2json-bc00664b is being purged
312 verbose gentlyRm don't care about contents; nuking /home/skeetzo/Downloads/code/frybot/node_modules/.staging/xml2json-bc00664b
313 silly gunzTarPerm modes [ '775', '664' ]
314 silly gunzTarPerm modes [ '775', '664' ]
315 silly gunzTarPerm modes [ '775', '664' ]
316 silly gunzTarPerm modes [ '775', '664' ]
317 silly gunzTarPerm extractEntry package.json
318 silly gunzTarPerm modified mode [ 'package.json', 420, 436 ]
319 silly gunzTarPerm extractEntry package.json
320 silly gunzTarPerm modified mode [ 'package.json', 420, 436 ]
321 silly gunzTarPerm extractEntry package.json
322 silly gunzTarPerm modified mode [ 'package.json', 420, 436 ]
323 silly gunzTarPerm extractEntry package.json
324 silly gunzTarPerm modified mode [ 'package.json', 420, 436 ]
325 silly gunzTarPerm extractEntry package.json
326 silly gunzTarPerm modified mode [ 'package.json', 420, 436 ]
327 silly gunzTarPerm extractEntry README.md
328 silly gunzTarPerm modified mode [ 'README.md', 420, 436 ]
329 silly gunzTarPerm extractEntry lodash.js
330 silly gunzTarPerm modified mode [ 'lodash.js', 420, 436 ]
331 silly gunzTarPerm extractEntry .npmignore
332 silly gunzTarPerm modified mode [ '.npmignore', 420, 436 ]
333 silly gunzTarPerm extractEntry README.md
334 silly gunzTarPerm modified mode [ 'README.md', 420, 436 ]
335 silly gunzTarPerm extractEntry README.md
336 silly gunzTarPerm modified mode [ 'README.md', 420, 436 ]
337 silly gunzTarPerm extractEntry LICENSE
338 silly gunzTarPerm modified mode [ 'LICENSE', 420, 436 ]
339 silly gunzTarPerm extractEntry .npmignore
340 silly gunzTarPerm modified mode [ '.npmignore', 420, 436 ]
341 silly gunzTarPerm extractEntry README.md
342 silly gunzTarPerm modified mode [ 'README.md', 420, 436 ]
343 silly gunzTarPerm extractEntry README.md
344 silly gunzTarPerm modified mode [ 'README.md', 420, 436 ]
345 silly gunzTarPerm extractEntry bindings.js
346 silly gunzTarPerm modified mode [ 'bindings.js', 420, 436 ]
347 silly gunzTarPerm extractEntry get_oauth2_permissions.js
348 silly gunzTarPerm modified mode [ 'get_oauth2_permissions.js', 420, 436 ]
349 silly gunzTarPerm extractEntry index.js
350 silly gunzTarPerm modified mode [ 'index.js', 420, 436 ]
351 silly gunzTarPerm extractEntry binding.gyp
352 silly gunzTarPerm modified mode [ 'binding.gyp', 420, 436 ]
353 silly gunzTarPerm extractEntry deps/libexpat/README
354 silly gunzTarPerm modified mode [ 'deps/libexpat/README', 420, 436 ]
355 silly gunzTarPerm extractEntry index.js
356 silly gunzTarPerm modified mode [ 'index.js', 420, 436 ]
357 silly gunzTarPerm extractEntry t.js
358 silly gunzTarPerm modified mode [ 't.js', 420, 436 ]
359 silly gunzTarPerm extractEntry LICENSE.txt
360 silly gunzTarPerm modified mode [ 'LICENSE.txt', 420, 436 ]
361 silly gunzTarPerm extractEntry browseroauth2/app.js
362 silly gunzTarPerm modified mode [ 'browseroauth2/app.js', 420, 436 ]
363 silly gunzTarPerm extractEntry browseroauth2/oauth2client.js
364 silly gunzTarPerm modified mode [ 'browseroauth2/oauth2client.js', 420, 436 ]
365 silly gunzTarPerm extractEntry bin/xml2json
366 silly gunzTarPerm modified mode [ 'bin/xml2json', 420, 436 ]
367 silly gunzTarPerm extractEntry lib/index.js
368 silly gunzTarPerm modified mode [ 'lib/index.js', 420, 436 ]
369 silly gunzTarPerm extractEntry dist/lodash.compat.js
370 silly gunzTarPerm modified mode [ 'dist/lodash.compat.js', 420, 436 ]
371 silly gunzTarPerm extractEntry deps/libexpat/doc/expat.png
372 silly gunzTarPerm modified mode [ 'deps/libexpat/doc/expat.png', 420, 436 ]
373 silly gunzTarPerm extractEntry lib/json2xml.js
374 silly gunzTarPerm modified mode [ 'lib/json2xml.js', 420, 436 ]
375 silly gunzTarPerm extractEntry lib/sanitize.js
376 silly gunzTarPerm modified mode [ 'lib/sanitize.js', 420, 436 ]
377 silly gunzTarPerm extractEntry deps/libexpat/doc/reference.html
378 silly gunzTarPerm modified mode [ 'deps/libexpat/doc/reference.html', 420, 436 ]
379 silly gunzTarPerm extractEntry deps/libexpat/doc/style.css
380 silly gunzTarPerm modified mode [ 'deps/libexpat/doc/style.css', 420, 436 ]
381 silly gunzTarPerm extractEntry lib/xml2json.js
382 silly gunzTarPerm modified mode [ 'lib/xml2json.js', 420, 436 ]
383 silly gunzTarPerm extractEntry Makefile
384 silly gunzTarPerm modified mode [ 'Makefile', 420, 436 ]
385 silly gunzTarPerm extractEntry .editorconfig
386 silly gunzTarPerm extractEntry test/.npmignore
387 silly gunzTarPerm modified mode [ 'test/.npmignore', 420, 436 ]
388 silly gunzTarPerm extractEntry test/coerce-overhead.js
389 silly gunzTarPerm modified mode [ 'test/coerce-overhead.js', 420, 436 ]
390 silly gunzTarPerm extractEntry test/test-array-notation.js
391 silly gunzTarPerm modified mode [ 'test/test-array-notation.js', 420, 436 ]
392 silly gunzTarPerm extractEntry test/test-coerce.js
393 silly gunzTarPerm modified mode [ 'test/test-coerce.js', 420, 436 ]
394 silly gunzTarPerm extractEntry test/test-reorder.js
395 silly gunzTarPerm modified mode [ 'test/test-reorder.js', 420, 436 ]
396 silly gunzTarPerm extractEntry test/test-space.js
397 silly gunzTarPerm modified mode [ 'test/test-space.js', 420, 436 ]
398 silly gunzTarPerm extractEntry test/test-xmlsanitize.js
399 silly gunzTarPerm modified mode [ 'test/test-xmlsanitize.js', 420, 436 ]
400 silly gunzTarPerm extractEntry test/test.js
401 silly gunzTarPerm modified mode [ 'test/test.js', 420, 436 ]
402 silly gunzTarPerm extractEntry test/fixtures/large.json
403 silly gunzTarPerm modified mode [ 'test/fixtures/large.json', 420, 436 ]
404 silly gunzTarPerm extractEntry test/fixtures/array-notation.json
405 silly gunzTarPerm modified mode [ 'test/fixtures/array-notation.json', 420, 436 ]
406 silly gunzTarPerm extractEntry test/fixtures/coerce.json
407 silly gunzTarPerm modified mode [ 'test/fixtures/coerce.json', 420, 436 ]
408 silly gunzTarPerm extractEntry test/fixtures/coerce.xml
409 silly gunzTarPerm modified mode [ 'test/fixtures/coerce.xml', 420, 436 ]
410 silly gunzTarPerm extractEntry test/fixtures/domain-reversible.json
411 silly gunzTarPerm modified mode [ 'test/fixtures/domain-reversible.json', 420, 436 ]
412 silly gunzTarPerm extractEntry test/fixtures/domain.json
413 silly gunzTarPerm modified mode [ 'test/fixtures/domain.json', 420, 436 ]
414 silly gunzTarPerm extractEntry test/fixtures/domain.xml
415 silly gunzTarPerm modified mode [ 'test/fixtures/domain.xml', 420, 436 ]
416 silly gunzTarPerm extractEntry test/fixtures/array-notation.xml
417 silly gunzTarPerm modified mode [ 'test/fixtures/array-notation.xml', 420, 436 ]
418 silly gunzTarPerm extractEntry test/fixtures/large.xml
419 silly gunzTarPerm modified mode [ 'test/fixtures/large.xml', 420, 436 ]
420 silly gunzTarPerm extractEntry test/fixtures/reorder.json
421 silly gunzTarPerm modified mode [ 'test/fixtures/reorder.json', 420, 436 ]
422 silly gunzTarPerm extractEntry test/fixtures/reorder.xml
423 silly gunzTarPerm modified mode [ 'test/fixtures/reorder.xml', 420, 436 ]
424 silly gunzTarPerm extractEntry test/fixtures/spacetext.json
425 silly gunzTarPerm modified mode [ 'test/fixtures/spacetext.json', 420, 436 ]
426 silly gunzTarPerm extractEntry test/fixtures/spacetext.xml
427 silly gunzTarPerm modified mode [ 'test/fixtures/spacetext.xml', 420, 436 ]
428 silly gunzTarPerm extractEntry test/fixtures/xmlsanitize.json
429 silly gunzTarPerm modified mode [ 'test/fixtures/xmlsanitize.json', 420, 436 ]
430 silly gunzTarPerm extractEntry test/fixtures/xmlsanitize.xml
431 silly gunzTarPerm modified mode [ 'test/fixtures/xmlsanitize.xml', 420, 436 ]
432 silly gunzTarPerm extractEntry dist/lodash.compat.min.js
433 silly gunzTarPerm modified mode [ 'dist/lodash.compat.min.js', 420, 436 ]
434 silly gunzTarPerm extractEntry deps/libexpat/doc/valid-xhtml10.png
435 silly gunzTarPerm modified mode [ 'deps/libexpat/doc/valid-xhtml10.png', 420, 436 ]
436 silly gunzTarPerm extractEntry deps/libexpat/doc/xmlwf.1
437 silly gunzTarPerm modified mode [ 'deps/libexpat/doc/xmlwf.1', 420, 436 ]
438 silly gentlyRm /home/skeetzo/Downloads/code/frybot/node_modules/.staging/bindings-6c36c70f/node_modules is being purged
439 verbose gentlyRm don't care about contents; nuking /home/skeetzo/Downloads/code/frybot/node_modules/.staging/bindings-6c36c70f/node_modules
440 silly gunzTarPerm extractEntry dist/lodash.js
441 silly gunzTarPerm modified mode [ 'dist/lodash.js', 420, 436 ]
442 silly gunzTarPerm extractEntry deps/libexpat/doc/xmlwf.sgml
443 silly gunzTarPerm modified mode [ 'deps/libexpat/doc/xmlwf.sgml', 420, 436 ]
444 silly gunzTarPerm extractEntry deps/libexpat/COPYING
445 silly gunzTarPerm modified mode [ 'deps/libexpat/COPYING', 420, 436 ]
446 silly gunzTarPerm extractEntry dist/lodash.min.js
447 silly gunzTarPerm modified mode [ 'dist/lodash.min.js', 420, 436 ]
448 silly gunzTarPerm extractEntry dist/lodash.underscore.js
449 silly gunzTarPerm modified mode [ 'dist/lodash.underscore.js', 420, 436 ]
450 silly gunzTarPerm extractEntry deps/libexpat/Changes
451 silly gunzTarPerm modified mode [ 'deps/libexpat/Changes', 420, 436 ]
452 silly gunzTarPerm extractEntry deps/libexpat/ConfigureChecks.cmake
453 silly gunzTarPerm modified mode [ 'deps/libexpat/ConfigureChecks.cmake', 493, 509 ]
454 silly gunzTarPerm extractEntry deps/libexpat/MANIFEST
455 silly gunzTarPerm modified mode [ 'deps/libexpat/MANIFEST', 420, 436 ]
456 silly gunzTarPerm extractEntry deps/libexpat/Makefile.in
457 silly gunzTarPerm modified mode [ 'deps/libexpat/Makefile.in', 420, 436 ]
458 silly gunzTarPerm extractEntry deps/libexpat/CMake.README
459 silly gunzTarPerm modified mode [ 'deps/libexpat/CMake.README', 493, 509 ]
460 silly gunzTarPerm extractEntry dist/lodash.underscore.min.js
461 silly gunzTarPerm modified mode [ 'dist/lodash.underscore.min.js', 420, 436 ]
462 silly gunzTarPerm extractEntry deps/libexpat/aclocal.m4
463 silly gunzTarPerm modified mode [ 'deps/libexpat/aclocal.m4', 420, 436 ]
464 silly gunzTarPerm extractEntry deps/libexpat/amiga/expat_68k_handler_stubs.c
465 silly gunzTarPerm modified mode [ 'deps/libexpat/amiga/expat_68k_handler_stubs.c', 493, 509 ]
466 silly gunzTarPerm extractEntry deps/libexpat/amiga/Makefile
467 silly gunzTarPerm modified mode [ 'deps/libexpat/amiga/Makefile', 420, 436 ]
468 silly gunzTarPerm extractEntry deps/libexpat/amiga/expat.xml
469 silly gunzTarPerm modified mode [ 'deps/libexpat/amiga/expat.xml', 420, 436 ]
470 silly gunzTarPerm extractEntry deps/libexpat/amiga/expat_68k.c
471 silly gunzTarPerm modified mode [ 'deps/libexpat/amiga/expat_68k.c', 420, 436 ]
472 silly gunzTarPerm extractEntry deps/libexpat/amiga/expat_68k.h
473 silly gunzTarPerm modified mode [ 'deps/libexpat/amiga/expat_68k.h', 493, 509 ]
474 silly gunzTarPerm extractEntry deps/libexpat/amiga/README.txt
475 silly gunzTarPerm modified mode [ 'deps/libexpat/amiga/README.txt', 420, 436 ]
476 silly gunzTarPerm extractEntry deps/libexpat/amiga/expat_base.h
477 silly gunzTarPerm modified mode [ 'deps/libexpat/amiga/expat_base.h', 420, 436 ]
478 silly gunzTarPerm extractEntry deps/libexpat/amiga/expat_lib.c
479 silly gunzTarPerm modified mode [ 'deps/libexpat/amiga/expat_lib.c', 493, 509 ]
480 silly gunzTarPerm extractEntry deps/libexpat/amiga/expat_vectors.c
481 silly gunzTarPerm modified mode [ 'deps/libexpat/amiga/expat_vectors.c', 420, 436 ]
482 silly gunzTarPerm extractEntry browseroauth2/index.html
483 silly gunzTarPerm modified mode [ 'browseroauth2/index.html', 420, 436 ]
484 silly gunzTarPerm extractEntry .jshintrc
485 silly gunzTarPerm modified mode [ '.jshintrc', 420, 436 ]
486 silly gunzTarPerm extractEntry deps/libexpat/amiga/include/inline4/expat.h
487 silly gunzTarPerm modified mode [ 'deps/libexpat/amiga/include/inline4/expat.h', 420, 436 ]
488 silly gunzTarPerm extractEntry lib/auth.js
489 silly gunzTarPerm modified mode [ 'lib/auth.js', 420, 436 ]
490 silly gunzTarPerm extractEntry lib/metadata.js
491 silly gunzTarPerm modified mode [ 'lib/metadata.js', 420, 436 ]
492 silly gunzTarPerm extractEntry lib/spreadsheet.js
493 silly gunzTarPerm modified mode [ 'lib/spreadsheet.js', 420, 436 ]
494 silly gunzTarPerm extractEntry deps/libexpat/amiga/include/interfaces/expat.h
495 silly gunzTarPerm modified mode [ 'deps/libexpat/amiga/include/interfaces/expat.h', 420, 436 ]
496 silly gunzTarPerm extractEntry deps/libexpat/amiga/include/libraries/expat.h
497 silly gunzTarPerm modified mode [ 'deps/libexpat/amiga/include/libraries/expat.h', 420, 436 ]
498 silly gunzTarPerm extractEntry lib/util.js
499 silly gunzTarPerm modified mode [ 'lib/util.js', 420, 436 ]
500 silly gunzTarPerm extractEntry deps/libexpat/amiga/include/proto/expat.h
501 silly gunzTarPerm modified mode [ 'deps/libexpat/amiga/include/proto/expat.h', 420, 436 ]
502 silly gunzTarPerm extractEntry deps/libexpat/amiga/launch.c
503 silly gunzTarPerm modified mode [ 'deps/libexpat/amiga/launch.c', 493, 509 ]
504 silly gunzTarPerm extractEntry deps/libexpat/bcb5/expatw.mak
505 silly gunzTarPerm modified mode [ 'deps/libexpat/bcb5/expatw.mak', 420, 436 ]
506 silly gunzTarPerm extractEntry deps/libexpat/bcb5/README.txt
507 silly gunzTarPerm modified mode [ 'deps/libexpat/bcb5/README.txt', 420, 436 ]
508 silly gunzTarPerm extractEntry deps/libexpat/bcb5/elements.bpf
509 silly gunzTarPerm modified mode [ 'deps/libexpat/bcb5/elements.bpf', 420, 436 ]
510 silly gunzTarPerm extractEntry deps/libexpat/bcb5/elements.bpr
511 silly gunzTarPerm modified mode [ 'deps/libexpat/bcb5/elements.bpr', 420, 436 ]
512 silly gunzTarPerm extractEntry deps/libexpat/bcb5/elements.mak
513 silly gunzTarPerm modified mode [ 'deps/libexpat/bcb5/elements.mak', 420, 436 ]
514 silly gunzTarPerm extractEntry deps/libexpat/bcb5/expat.bpf
515 silly gunzTarPerm modified mode [ 'deps/libexpat/bcb5/expat.bpf', 420, 436 ]
516 silly gunzTarPerm extractEntry deps/libexpat/bcb5/expat.bpr
517 silly gunzTarPerm modified mode [ 'deps/libexpat/bcb5/expat.bpr', 420, 436 ]
518 silly gunzTarPerm extractEntry deps/libexpat/bcb5/expat.mak
519 silly gunzTarPerm modified mode [ 'deps/libexpat/bcb5/expat.mak', 420, 436 ]
520 silly gunzTarPerm extractEntry deps/libexpat/bcb5/expat_static.bpf
521 silly gunzTarPerm modified mode [ 'deps/libexpat/bcb5/expat_static.bpf', 420, 436 ]
522 silly gunzTarPerm extractEntry deps/libexpat/bcb5/expat_static.bpr
523 silly gunzTarPerm modified mode [ 'deps/libexpat/bcb5/expat_static.bpr', 420, 436 ]
524 silly gunzTarPerm extractEntry deps/libexpat/bcb5/expat_static.mak
525 silly gunzTarPerm modified mode [ 'deps/libexpat/bcb5/expat_static.mak', 420, 436 ]
526 silly gunzTarPerm extractEntry deps/libexpat/bcb5/expatw.bpf
527 silly gunzTarPerm modified mode [ 'deps/libexpat/bcb5/expatw.bpf', 420, 436 ]
528 silly gunzTarPerm extractEntry deps/libexpat/bcb5/expatw.bpr
529 silly gunzTarPerm modified mode [ 'deps/libexpat/bcb5/expatw.bpr', 420, 436 ]
530 silly gunzTarPerm extractEntry deps/libexpat/bcb5/all_projects.bpg
531 silly gunzTarPerm modified mode [ 'deps/libexpat/bcb5/all_projects.bpg', 420, 436 ]
532 silly gunzTarPerm extractEntry deps/libexpat/bcb5/expatw_static.bpf
533 silly gunzTarPerm modified mode [ 'deps/libexpat/bcb5/expatw_static.bpf', 420, 436 ]
534 silly gunzTarPerm extractEntry deps/libexpat/bcb5/expatw_static.bpr
535 silly gunzTarPerm modified mode [ 'deps/libexpat/bcb5/expatw_static.bpr', 420, 436 ]
536 silly gunzTarPerm extractEntry deps/libexpat/bcb5/expatw_static.mak
537 silly gunzTarPerm modified mode [ 'deps/libexpat/bcb5/expatw_static.mak', 420, 436 ]
538 silly gunzTarPerm extractEntry deps/libexpat/bcb5/libexpat_mtd.def
539 silly gunzTarPerm modified mode [ 'deps/libexpat/bcb5/libexpat_mtd.def', 420, 436 ]
540 silly gunzTarPerm extractEntry deps/libexpat/bcb5/libexpatw_mtd.def
541 silly gunzTarPerm modified mode [ 'deps/libexpat/bcb5/libexpatw_mtd.def', 420, 436 ]
542 silly gunzTarPerm extractEntry deps/libexpat/bcb5/makefile.mak
543 silly gunzTarPerm modified mode [ 'deps/libexpat/bcb5/makefile.mak', 420, 436 ]
544 silly gunzTarPerm extractEntry deps/libexpat/bcb5/outline.bpf
545 silly gunzTarPerm modified mode [ 'deps/libexpat/bcb5/outline.bpf', 420, 436 ]
546 silly gunzTarPerm extractEntry deps/libexpat/bcb5/outline.bpr
547 silly gunzTarPerm modified mode [ 'deps/libexpat/bcb5/outline.bpr', 420, 436 ]
548 silly gunzTarPerm extractEntry deps/libexpat/bcb5/outline.mak
549 silly gunzTarPerm modified mode [ 'deps/libexpat/bcb5/outline.mak', 420, 436 ]
550 silly gunzTarPerm extractEntry deps/libexpat/bcb5/setup.bat
551 silly gunzTarPerm modified mode [ 'deps/libexpat/bcb5/setup.bat', 420, 436 ]
552 silly gunzTarPerm extractEntry deps/libexpat/bcb5/xmlwf.bpf
553 silly gunzTarPerm modified mode [ 'deps/libexpat/bcb5/xmlwf.bpf', 420, 436 ]
554 silly gunzTarPerm extractEntry deps/libexpat/bcb5/xmlwf.bpr
555 silly gunzTarPerm modified mode [ 'deps/libexpat/bcb5/xmlwf.bpr', 420, 436 ]
556 silly gunzTarPerm extractEntry deps/libexpat/bcb5/xmlwf.mak
557 silly gunzTarPerm modified mode [ 'deps/libexpat/bcb5/xmlwf.mak', 420, 436 ]
558 silly gentlyRm /home/skeetzo/Downloads/code/frybot/node_modules/.staging/lodash-25b1d24c/node_modules is being purged
559 verbose gentlyRm don't care about contents; nuking /home/skeetzo/Downloads/code/frybot/node_modules/.staging/lodash-25b1d24c/node_modules
560 silly gunzTarPerm extractEntry deps/libexpat/configure
561 silly gunzTarPerm modified mode [ 'deps/libexpat/configure', 493, 509 ]
562 silly gunzTarPerm extractEntry deps/libexpat/configure.in
563 silly gunzTarPerm modified mode [ 'deps/libexpat/configure.in', 420, 436 ]
564 silly gunzTarPerm extractEntry deps/libexpat/conftools/PrintPath
565 silly gunzTarPerm modified mode [ 'deps/libexpat/conftools/PrintPath', 493, 509 ]
566 silly gunzTarPerm extractEntry deps/libexpat/conftools/ac_c_bigendian_cross.m4
567 silly gunzTarPerm modified mode [ 'deps/libexpat/conftools/ac_c_bigendian_cross.m4', 420, 436 ]
568 silly gunzTarPerm extractEntry deps/libexpat/conftools/config.guess
569 silly gunzTarPerm modified mode [ 'deps/libexpat/conftools/config.guess', 493, 509 ]
570 silly gunzTarPerm extractEntry deps/libexpat/conftools/config.sub
571 silly gunzTarPerm modified mode [ 'deps/libexpat/conftools/config.sub', 493, 509 ]
572 silly gunzTarPerm extractEntry deps/libexpat/conftools/expat.m4
573 silly gunzTarPerm modified mode [ 'deps/libexpat/conftools/expat.m4', 420, 436 ]
574 silly gunzTarPerm extractEntry deps/libexpat/conftools/get-version.sh
575 silly gunzTarPerm modified mode [ 'deps/libexpat/conftools/get-version.sh', 493, 509 ]
576 silly gunzTarPerm extractEntry deps/libexpat/conftools/install-sh
577 silly gunzTarPerm modified mode [ 'deps/libexpat/conftools/install-sh', 493, 509 ]
578 silly gunzTarPerm extractEntry deps/libexpat/conftools/ltmain.sh
579 silly gunzTarPerm modified mode [ 'deps/libexpat/conftools/ltmain.sh', 493, 509 ]
580 silly gunzTarPerm extractEntry deps/libexpat/conftools/mkinstalldirs
581 silly gunzTarPerm modified mode [ 'deps/libexpat/conftools/mkinstalldirs', 493, 509 ]
582 silly gunzTarPerm extractEntry deps/libexpat/CMakeLists.txt
583 silly gunzTarPerm modified mode [ 'deps/libexpat/CMakeLists.txt', 493, 509 ]
584 silly gunzTarPerm extractEntry deps/libexpat/examples/elements.c
585 silly gunzTarPerm modified mode [ 'deps/libexpat/examples/elements.c', 420, 436 ]
586 silly gunzTarPerm extractEntry deps/libexpat/examples/elements.dsp
587 silly gunzTarPerm modified mode [ 'deps/libexpat/examples/elements.dsp', 420, 436 ]
588 silly gunzTarPerm extractEntry deps/libexpat/examples/outline.c
589 silly gunzTarPerm modified mode [ 'deps/libexpat/examples/outline.c', 420, 436 ]
590 silly gunzTarPerm extractEntry deps/libexpat/examples/outline.dsp
591 silly gunzTarPerm modified mode [ 'deps/libexpat/examples/outline.dsp', 420, 436 ]
592 silly gunzTarPerm extractEntry deps/libexpat/expat.dsw
593 silly gunzTarPerm modified mode [ 'deps/libexpat/expat.dsw', 493, 509 ]
594 silly gunzTarPerm extractEntry deps/libexpat/expat.pc.in
595 silly gunzTarPerm modified mode [ 'deps/libexpat/expat.pc.in', 420, 436 ]
596 silly gunzTarPerm extractEntry deps/libexpat/expat_config.h
597 silly gunzTarPerm modified mode [ 'deps/libexpat/expat_config.h', 420, 436 ]
598 silly gunzTarPerm extractEntry deps/libexpat/expat_config.h.cmake
599 silly gunzTarPerm modified mode [ 'deps/libexpat/expat_config.h.cmake', 493, 509 ]
600 silly gunzTarPerm extractEntry deps/libexpat/expat_config.h.in
601 silly gunzTarPerm modified mode [ 'deps/libexpat/expat_config.h.in', 420, 436 ]
602 silly gunzTarPerm extractEntry deps/libexpat/lib/libexpat.def
603 silly gunzTarPerm modified mode [ 'deps/libexpat/lib/libexpat.def', 420, 436 ]
604 silly gentlyRm /home/skeetzo/Downloads/code/frybot/node_modules/.staging/xml2json-bc00664b/node_modules is being purged
605 verbose gentlyRm don't care about contents; nuking /home/skeetzo/Downloads/code/frybot/node_modules/.staging/xml2json-bc00664b/node_modules
606 silly gunzTarPerm extractEntry deps/libexpat/lib/Makefile.MPW
607 silly gunzTarPerm modified mode [ 'deps/libexpat/lib/Makefile.MPW', 420, 436 ]
608 silly gunzTarPerm extractEntry deps/libexpat/lib/ascii.h
609 silly gunzTarPerm modified mode [ 'deps/libexpat/lib/ascii.h', 420, 436 ]
610 silly gunzTarPerm extractEntry deps/libexpat/lib/asciitab.h
611 silly gunzTarPerm modified mode [ 'deps/libexpat/lib/asciitab.h', 420, 436 ]
612 silly gunzTarPerm extractEntry deps/libexpat/lib/expat.dsp
613 silly gunzTarPerm modified mode [ 'deps/libexpat/lib/expat.dsp', 420, 436 ]
614 silly gunzTarPerm extractEntry deps/libexpat/lib/expat.h
615 silly gunzTarPerm modified mode [ 'deps/libexpat/lib/expat.h', 420, 436 ]
616 silly gentlyRm /home/skeetzo/Downloads/code/frybot/node_modules/.staging/edit-google-spreadsheet-5155e5d8/node_modules is being purged
617 verbose gentlyRm don't care about contents; nuking /home/skeetzo/Downloads/code/frybot/node_modules/.staging/edit-google-spreadsheet-5155e5d8/node_modules
618 silly gunzTarPerm extractEntry deps/libexpat/lib/expat_external.h
619 silly gunzTarPerm modified mode [ 'deps/libexpat/lib/expat_external.h', 420, 436 ]
620 silly gunzTarPerm extractEntry deps/libexpat/lib/expat_static.dsp
621 silly gunzTarPerm modified mode [ 'deps/libexpat/lib/expat_static.dsp', 420, 436 ]
622 silly gunzTarPerm extractEntry deps/libexpat/lib/expatw.dsp
623 silly gunzTarPerm modified mode [ 'deps/libexpat/lib/expatw.dsp', 420, 436 ]
624 silly gunzTarPerm extractEntry deps/libexpat/lib/expatw_static.dsp
625 silly gunzTarPerm modified mode [ 'deps/libexpat/lib/expatw_static.dsp', 420, 436 ]
626 silly gunzTarPerm extractEntry deps/libexpat/lib/iasciitab.h
627 silly gunzTarPerm modified mode [ 'deps/libexpat/lib/iasciitab.h', 420, 436 ]
628 silly gunzTarPerm extractEntry deps/libexpat/lib/internal.h
629 silly gunzTarPerm modified mode [ 'deps/libexpat/lib/internal.h', 420, 436 ]
630 silly gunzTarPerm extractEntry deps/libexpat/lib/latin1tab.h
631 silly gunzTarPerm modified mode [ 'deps/libexpat/lib/latin1tab.h', 420, 436 ]
632 silly gunzTarPerm extractEntry deps/libexpat/lib/amigaconfig.h
633 silly gunzTarPerm modified mode [ 'deps/libexpat/lib/amigaconfig.h', 420, 436 ]
634 silly gunzTarPerm extractEntry deps/libexpat/lib/libexpatw.def
635 silly gunzTarPerm modified mode [ 'deps/libexpat/lib/libexpatw.def', 420, 436 ]
636 silly gunzTarPerm extractEntry deps/libexpat/lib/macconfig.h
637 silly gunzTarPerm modified mode [ 'deps/libexpat/lib/macconfig.h', 420, 436 ]
638 silly gunzTarPerm extractEntry deps/libexpat/lib/nametab.h
639 silly gunzTarPerm modified mode [ 'deps/libexpat/lib/nametab.h', 420, 436 ]
640 silly gunzTarPerm extractEntry deps/libexpat/lib/utf8tab.h
641 silly gunzTarPerm modified mode [ 'deps/libexpat/lib/utf8tab.h', 420, 436 ]
642 silly gunzTarPerm extractEntry deps/libexpat/lib/winconfig.h
643 silly gunzTarPerm modified mode [ 'deps/libexpat/lib/winconfig.h', 420, 436 ]
644 silly gunzTarPerm extractEntry deps/libexpat/lib/xmlparse.c
645 silly gunzTarPerm modified mode [ 'deps/libexpat/lib/xmlparse.c', 420, 436 ]
646 silly gunzTarPerm extractEntry deps/libexpat/lib/xmlrole.c
647 silly gunzTarPerm modified mode [ 'deps/libexpat/lib/xmlrole.c', 420, 436 ]
648 silly gunzTarPerm extractEntry deps/libexpat/lib/xmlrole.h
649 silly gunzTarPerm modified mode [ 'deps/libexpat/lib/xmlrole.h', 420, 436 ]
650 silly gunzTarPerm extractEntry deps/libexpat/lib/xmltok.c
651 silly gunzTarPerm modified mode [ 'deps/libexpat/lib/xmltok.c', 420, 436 ]
652 silly gunzTarPerm extractEntry deps/libexpat/lib/xmltok.h
653 silly gunzTarPerm modified mode [ 'deps/libexpat/lib/xmltok.h', 420, 436 ]
654 silly gunzTarPerm extractEntry deps/libexpat/lib/xmltok_impl.c
655 silly gunzTarPerm modified mode [ 'deps/libexpat/lib/xmltok_impl.c', 420, 436 ]
656 silly gunzTarPerm extractEntry deps/libexpat/lib/xmltok_impl.h
657 silly gunzTarPerm modified mode [ 'deps/libexpat/lib/xmltok_impl.h', 420, 436 ]
658 silly gunzTarPerm extractEntry deps/libexpat/lib/xmltok_ns.c
659 silly gunzTarPerm modified mode [ 'deps/libexpat/lib/xmltok_ns.c', 420, 436 ]
660 silly gunzTarPerm extractEntry deps/libexpat/libexpat.gyp
661 silly gunzTarPerm modified mode [ 'deps/libexpat/libexpat.gyp', 420, 436 ]
662 silly gunzTarPerm extractEntry deps/libexpat/m4/libtool.m4
663 silly gunzTarPerm modified mode [ 'deps/libexpat/m4/libtool.m4', 420, 436 ]
664 silly gunzTarPerm extractEntry deps/libexpat/m4/ltoptions.m4
665 silly gunzTarPerm modified mode [ 'deps/libexpat/m4/ltoptions.m4', 420, 436 ]
666 silly gunzTarPerm extractEntry deps/libexpat/m4/ltsugar.m4
667 silly gunzTarPerm modified mode [ 'deps/libexpat/m4/ltsugar.m4', 420, 436 ]
668 silly gunzTarPerm extractEntry deps/libexpat/m4/ltversion.m4
669 silly gunzTarPerm modified mode [ 'deps/libexpat/m4/ltversion.m4', 420, 436 ]
670 silly gunzTarPerm extractEntry deps/libexpat/m4/lt~obsolete.m4
671 silly gunzTarPerm modified mode [ 'deps/libexpat/m4/lt~obsolete.m4', 420, 436 ]
672 silly gunzTarPerm extractEntry deps/libexpat/tests/README.txt
673 silly gunzTarPerm modified mode [ 'deps/libexpat/tests/README.txt', 420, 436 ]
674 silly gunzTarPerm extractEntry deps/libexpat/tests/benchmark/README.txt
675 silly gunzTarPerm modified mode [ 'deps/libexpat/tests/benchmark/README.txt', 420, 436 ]
676 silly gunzTarPerm extractEntry deps/libexpat/tests/benchmark/benchmark.c
677 silly gunzTarPerm modified mode [ 'deps/libexpat/tests/benchmark/benchmark.c', 420, 436 ]
678 silly gunzTarPerm extractEntry deps/libexpat/tests/benchmark/benchmark.dsp
679 silly gunzTarPerm modified mode [ 'deps/libexpat/tests/benchmark/benchmark.dsp', 420, 436 ]
680 silly gunzTarPerm extractEntry deps/libexpat/tests/benchmark/benchmark.dsw
681 silly gunzTarPerm modified mode [ 'deps/libexpat/tests/benchmark/benchmark.dsw', 420, 436 ]
682 silly gunzTarPerm extractEntry deps/libexpat/tests/chardata.c
683 silly gunzTarPerm modified mode [ 'deps/libexpat/tests/chardata.c', 420, 436 ]
684 silly gunzTarPerm extractEntry deps/libexpat/tests/chardata.h
685 silly gunzTarPerm modified mode [ 'deps/libexpat/tests/chardata.h', 420, 436 ]
686 silly gunzTarPerm extractEntry deps/libexpat/tests/minicheck.c
687 silly gunzTarPerm modified mode [ 'deps/libexpat/tests/minicheck.c', 420, 436 ]
688 silly gunzTarPerm extractEntry deps/libexpat/tests/minicheck.h
689 silly gunzTarPerm modified mode [ 'deps/libexpat/tests/minicheck.h', 420, 436 ]
690 silly gunzTarPerm extractEntry deps/libexpat/tests/runtests.c
691 silly gunzTarPerm modified mode [ 'deps/libexpat/tests/runtests.c', 420, 436 ]
692 silly gunzTarPerm extractEntry deps/libexpat/tests/runtestspp.cpp
693 silly gunzTarPerm modified mode [ 'deps/libexpat/tests/runtestspp.cpp', 420, 436 ]
694 silly gunzTarPerm extractEntry deps/libexpat/tests/xmltest.sh
695 silly gunzTarPerm modified mode [ 'deps/libexpat/tests/xmltest.sh', 493, 509 ]
696 silly gunzTarPerm extractEntry deps/libexpat/version.c
697 silly gunzTarPerm modified mode [ 'deps/libexpat/version.c', 420, 436 ]
698 silly gunzTarPerm extractEntry deps/libexpat/vms/README.vms
699 silly gunzTarPerm modified mode [ 'deps/libexpat/vms/README.vms', 420, 436 ]
700 silly gunzTarPerm extractEntry deps/libexpat/vms/descrip.mms
701 silly gunzTarPerm modified mode [ 'deps/libexpat/vms/descrip.mms', 420, 436 ]
702 silly gunzTarPerm extractEntry deps/libexpat/vms/expat_config.h
703 silly gunzTarPerm modified mode [ 'deps/libexpat/vms/expat_config.h', 420, 436 ]
704 silly gunzTarPerm extractEntry deps/libexpat/win32/MANIFEST.txt
705 silly gunzTarPerm modified mode [ 'deps/libexpat/win32/MANIFEST.txt', 420, 436 ]
706 silly gunzTarPerm extractEntry deps/libexpat/win32/README.txt
707 silly gunzTarPerm modified mode [ 'deps/libexpat/win32/README.txt', 420, 436 ]
708 silly gunzTarPerm extractEntry deps/libexpat/win32/expat.iss
709 silly gunzTarPerm modified mode [ 'deps/libexpat/win32/expat.iss', 420, 436 ]
710 silly gunzTarPerm extractEntry deps/libexpat/xmlwf/xmlfile.h
711 silly gunzTarPerm modified mode [ 'deps/libexpat/xmlwf/xmlfile.h', 493, 509 ]
712 silly gunzTarPerm extractEntry deps/libexpat/xmlwf/codepage.c
713 silly gunzTarPerm modified mode [ 'deps/libexpat/xmlwf/codepage.c', 493, 509 ]
714 silly gunzTarPerm extractEntry deps/libexpat/xmlwf/ct.c
715 silly gunzTarPerm modified mode [ 'deps/libexpat/xmlwf/ct.c', 493, 509 ]
716 silly gunzTarPerm extractEntry deps/libexpat/xmlwf/filemap.h
717 silly gunzTarPerm modified mode [ 'deps/libexpat/xmlwf/filemap.h', 493, 509 ]
718 silly gunzTarPerm extractEntry deps/libexpat/xmlwf/readfilemap.c
719 silly gunzTarPerm modified mode [ 'deps/libexpat/xmlwf/readfilemap.c', 493, 509 ]
720 silly gunzTarPerm extractEntry deps/libexpat/xmlwf/unixfilemap.c
721 silly gunzTarPerm modified mode [ 'deps/libexpat/xmlwf/unixfilemap.c', 493, 509 ]
722 silly gunzTarPerm extractEntry deps/libexpat/xmlwf/win32filemap.c
723 silly gunzTarPerm modified mode [ 'deps/libexpat/xmlwf/win32filemap.c', 493, 509 ]
724 silly gunzTarPerm extractEntry deps/libexpat/xmlwf/xmlfile.c
725 silly gunzTarPerm modified mode [ 'deps/libexpat/xmlwf/xmlfile.c', 493, 509 ]
726 silly gunzTarPerm extractEntry deps/libexpat/xmlwf/codepage.h
727 silly gunzTarPerm modified mode [ 'deps/libexpat/xmlwf/codepage.h', 493, 509 ]
728 silly gunzTarPerm extractEntry deps/libexpat/xmlwf/xmlmime.c
729 silly gunzTarPerm modified mode [ 'deps/libexpat/xmlwf/xmlmime.c', 493, 509 ]
730 silly gunzTarPerm extractEntry deps/libexpat/xmlwf/xmlmime.h
731 silly gunzTarPerm modified mode [ 'deps/libexpat/xmlwf/xmlmime.h', 493, 509 ]
732 silly gunzTarPerm extractEntry deps/libexpat/xmlwf/xmltchar.h
733 silly gunzTarPerm modified mode [ 'deps/libexpat/xmlwf/xmltchar.h', 493, 509 ]
734 silly gunzTarPerm extractEntry deps/libexpat/xmlwf/xmlurl.h
735 silly gunzTarPerm modified mode [ 'deps/libexpat/xmlwf/xmlurl.h', 493, 509 ]
736 silly gunzTarPerm extractEntry deps/libexpat/xmlwf/xmlwf.c
737 silly gunzTarPerm modified mode [ 'deps/libexpat/xmlwf/xmlwf.c', 493, 509 ]
738 silly gunzTarPerm extractEntry deps/libexpat/xmlwf/xmlwf.dsp
739 silly gunzTarPerm modified mode [ 'deps/libexpat/xmlwf/xmlwf.dsp', 493, 509 ]
740 silly gunzTarPerm extractEntry deps/libexpat/xmlwf/xmlwin32url.cxx
741 silly gunzTarPerm modified mode [ 'deps/libexpat/xmlwf/xmlwin32url.cxx', 493, 509 ]
742 silly gunzTarPerm extractEntry lib/node-expat.js
743 silly gunzTarPerm modified mode [ 'lib/node-expat.js', 420, 436 ]
744 silly gunzTarPerm extractEntry node-expat.cc
745 silly gunzTarPerm modified mode [ 'node-expat.cc', 420, 436 ]
746 silly gentlyRm /home/skeetzo/Downloads/code/frybot/node_modules/.staging/node-expat-42dff12a/node_modules is being purged
747 verbose gentlyRm don't care about contents; nuking /home/skeetzo/Downloads/code/frybot/node_modules/.staging/node-expat-42dff12a/node_modules
748 silly doParallel preinstall 5
749 silly preinstall bindings@1.2.1 /home/skeetzo/Downloads/code/frybot/node_modules/.staging/bindings-6c36c70f
750 info lifecycle bindings@1.2.1~preinstall: bindings@1.2.1
751 silly preinstall node-expat@2.3.15 /home/skeetzo/Downloads/code/frybot/node_modules/.staging/node-expat-42dff12a
752 info lifecycle node-expat@2.3.15~preinstall: node-expat@2.3.15
753 silly preinstall lodash@2.4.2 /home/skeetzo/Downloads/code/frybot/node_modules/.staging/lodash-25b1d24c
754 info lifecycle lodash@2.4.2~preinstall: lodash@2.4.2
755 silly preinstall xml2json@0.6.2 /home/skeetzo/Downloads/code/frybot/node_modules/.staging/xml2json-bc00664b
756 info lifecycle xml2json@0.6.2~preinstall: xml2json@0.6.2
757 silly preinstall edit-google-spreadsheet@0.2.19 /home/skeetzo/Downloads/code/frybot/node_modules/.staging/edit-google-spreadsheet-5155e5d8
758 info lifecycle edit-google-spreadsheet@0.2.19~preinstall: edit-google-spreadsheet@0.2.19
759 silly lifecycle bindings@1.2.1~preinstall: no script for preinstall, continuing
760 silly lifecycle node-expat@2.3.15~preinstall: no script for preinstall, continuing
761 silly lifecycle lodash@2.4.2~preinstall: no script for preinstall, continuing
762 silly lifecycle xml2json@0.6.2~preinstall: no script for preinstall, continuing
763 silly lifecycle edit-google-spreadsheet@0.2.19~preinstall: no script for preinstall, continuing
764 silly doReverseSerial remove 0
765 silly doSerial move 0
766 silly doSerial finalize 5
767 silly finalize /home/skeetzo/Downloads/code/frybot/node_modules/bindings
768 silly finalize /home/skeetzo/Downloads/code/frybot/node_modules/node-expat
769 silly finalize /home/skeetzo/Downloads/code/frybot/node_modules/edit-google-spreadsheet/node_modules/lodash
770 silly finalize /home/skeetzo/Downloads/code/frybot/node_modules/xml2json
771 silly finalize /home/skeetzo/Downloads/code/frybot/node_modules/edit-google-spreadsheet
772 silly doSerial build 5
773 silly build bindings@1.2.1
774 info linkStuff bindings@1.2.1
775 silly linkStuff bindings@1.2.1 has /home/skeetzo/Downloads/code/frybot/node_modules as its parent node_modules
776 verbose linkBins bindings@1.2.1
777 verbose linkMans bindings@1.2.1
778 silly build node-expat@2.3.15
779 info linkStuff node-expat@2.3.15
780 silly linkStuff node-expat@2.3.15 has /home/skeetzo/Downloads/code/frybot/node_modules as its parent node_modules
781 verbose linkBins node-expat@2.3.15
782 verbose linkMans node-expat@2.3.15
783 silly build lodash@2.4.2
784 info linkStuff lodash@2.4.2
785 silly linkStuff lodash@2.4.2 has /home/skeetzo/Downloads/code/frybot/node_modules/edit-google-spreadsheet/node_modules as its parent node_modules
786 verbose linkBins lodash@2.4.2
787 verbose linkMans lodash@2.4.2
788 silly build xml2json@0.6.2
789 info linkStuff xml2json@0.6.2
790 silly linkStuff xml2json@0.6.2 has /home/skeetzo/Downloads/code/frybot/node_modules as its parent node_modules
791 verbose linkBins xml2json@0.6.2
792 verbose link bins [ { xml2json: 'bin/xml2json' },
792 verbose link bins   '/home/skeetzo/Downloads/code/frybot/node_modules/.bin',
792 verbose link bins   false ]
793 verbose linkMans xml2json@0.6.2
794 silly build edit-google-spreadsheet@0.2.19
795 info linkStuff edit-google-spreadsheet@0.2.19
796 silly linkStuff edit-google-spreadsheet@0.2.19 has /home/skeetzo/Downloads/code/frybot/node_modules as its parent node_modules
797 verbose linkBins edit-google-spreadsheet@0.2.19
798 verbose linkMans edit-google-spreadsheet@0.2.19
799 silly doSerial global-link 0
800 silly doParallel update-linked 0
801 silly doSerial install 5
802 silly install bindings@1.2.1 /home/skeetzo/Downloads/code/frybot/node_modules/.staging/bindings-6c36c70f
803 info lifecycle bindings@1.2.1~install: bindings@1.2.1
804 silly lifecycle bindings@1.2.1~install: no script for install, continuing
805 silly install node-expat@2.3.15 /home/skeetzo/Downloads/code/frybot/node_modules/.staging/node-expat-42dff12a
806 info lifecycle node-expat@2.3.15~install: node-expat@2.3.15
807 verbose lifecycle node-expat@2.3.15~install: unsafe-perm in lifecycle true
808 verbose lifecycle node-expat@2.3.15~install: PATH: /usr/local/lib/node_modules/npm/bin/node-gyp-bin:/home/skeetzo/Downloads/code/frybot/node_modules/node-expat/node_modules/.bin:/home/skeetzo/Downloads/code/frybot/node_modules/.bin:/usr/local/bin:/usr/local/heroku/bin:/usr/local/bin:/usr/bin:/bin:/usr/local/games:/usr/games:/home/skeetzo/.rvm/bin:/home/skeetzo/.rvm/bin
809 verbose lifecycle node-expat@2.3.15~install: CWD: /home/skeetzo/Downloads/code/frybot/node_modules/node-expat
810 silly lifecycle node-expat@2.3.15~install: Args: [ '-c', 'node-gyp rebuild' ]
811 silly lifecycle node-expat@2.3.15~install: Returned: code: 1  signal: null
812 info lifecycle node-expat@2.3.15~install: Failed to exec install script
813 verbose unlock done using /home/skeetzo/.npm/_locks/staging-bcf433059f104fc4.lock for /home/skeetzo/Downloads/code/frybot/node_modules/.staging
814 silly rollbackFailedOptional Starting
815 silly rollbackFailedOptional Finishing
816 silly runTopLevelLifecycles Starting
817 silly runTopLevelLifecycles Finishing
818 silly install printInstalled
819 verbose stack Error: node-expat@2.3.15 install: `node-gyp rebuild`
819 verbose stack Exit status 1
819 verbose stack     at EventEmitter.<anonymous> (/usr/local/lib/node_modules/npm/lib/utils/lifecycle.js:242:16)
819 verbose stack     at emitTwo (events.js:106:13)
819 verbose stack     at EventEmitter.emit (events.js:191:7)
819 verbose stack     at ChildProcess.<anonymous> (/usr/local/lib/node_modules/npm/lib/utils/spawn.js:40:14)
819 verbose stack     at emitTwo (events.js:106:13)
819 verbose stack     at ChildProcess.emit (events.js:191:7)
819 verbose stack     at maybeClose (internal/child_process.js:852:16)
819 verbose stack     at Process.ChildProcess._handle.onexit (internal/child_process.js:215:5)
820 verbose pkgid node-expat@2.3.15
821 verbose cwd /home/skeetzo/Downloads/code/frybot
822 error Linux 3.14.0
823 error argv "/usr/local/bin/node" "/usr/local/bin/npm" "install" "edit-google-spreadsheet" "--save"
824 error node v6.2.2
825 error npm  v3.10.5
826 error code ELIFECYCLE
827 error node-expat@2.3.15 install: `node-gyp rebuild`
827 error Exit status 1
828 error Failed at the node-expat@2.3.15 install script 'node-gyp rebuild'.
828 error Make sure you have the latest version of node.js and npm installed.
828 error If you do, this is most likely a problem with the node-expat package,
828 error not with npm itself.
828 error Tell the author that this fails on your system:
828 error     node-gyp rebuild
828 error You can get information on how to open an issue for this project with:
828 error     npm bugs node-expat
828 error Or if that isn't available, you can get their info via:
828 error     npm owner ls node-expat
828 error There is likely additional logging output above.
829 verbose exit [ 1, true ]
